This file contains any messages produced by compilers while
running configure, to aid debugging if configure makes a mistake.

It was created by ViennaRNA configure 2.4.9, which was
generated by GNU Autoconf 2.69.  Invocation command line was

  $ ./configure 

## --------- ##
## Platform. ##
## --------- ##

hostname = ip-172-31-25-178
uname -m = x86_64
uname -r = 4.4.0-1066-aws
uname -s = Linux
uname -v = #76-Ubuntu SMP Thu Aug 16 16:21:21 UTC 2018

/usr/bin/uname -p = unknown
/bin/uname -X     = unknown

/bin/arch              = unknown
/usr/bin/arch -k       = unknown
/usr/convex/getsysinfo = unknown
/usr/bin/hostinfo      = unknown
/bin/machine           = unknown
/usr/bin/oslevel       = unknown
/bin/universe          = unknown

PATH: /home/ubuntu/bin
PATH: /home/ubuntu/.local/bin
PATH: /usr/local/sbin
PATH: /usr/local/bin
PATH: /usr/sbin
PATH: /usr/bin
PATH: /sbin
PATH: /bin
PATH: /usr/games
PATH: /usr/local/games
PATH: /snap/bin


## ----------- ##
## Core tests. ##
## ----------- ##

configure:2919: checking for gcc
configure:2935: found /usr/bin/gcc
configure:2946: result: gcc
configure:3175: checking for C compiler version
configure:3184: gcc --version >&5
gcc (Ubuntu 5.4.0-6ubuntu1~16.04.10) 5.4.0 20160609
Copyright (C) 2015 Free Software Foundation, Inc.
This is free software; see the source for copying conditions.  There is NO
warranty; not even for MERCHANTABILITY or FITNESS FOR A PARTICULAR PURPOSE.

configure:3195: $? = 0
configure:3184: gcc -v >&5
Using built-in specs.
COLLECT_GCC=gcc
COLLECT_LTO_WRAPPER=/usr/lib/gcc/x86_64-linux-gnu/5/lto-wrapper
Target: x86_64-linux-gnu
Configured with: ../src/configure -v --with-pkgversion='Ubuntu 5.4.0-6ubuntu1~16.04.10' --with-bugurl=file:///usr/share/doc/gcc-5/README.Bugs --enable-languages=c,ada,c++,java,go,d,fortran,objc,obj-c++ --prefix=/usr --program-suffix=-5 --enable-shared --enable-linker-build-id --libexecdir=/usr/lib --without-included-gettext --enable-threads=posix --libdir=/usr/lib --enable-nls --with-sysroot=/ --enable-clocale=gnu --enable-libstdcxx-debug --enable-libstdcxx-time=yes --with-default-libstdcxx-abi=new --enable-gnu-unique-object --disable-vtable-verify --enable-libmpx --enable-plugin --with-system-zlib --disable-browser-plugin --enable-java-awt=gtk --enable-gtk-cairo --with-java-home=/usr/lib/jvm/java-1.5.0-gcj-5-amd64/jre --enable-java-home --with-jvm-root-dir=/usr/lib/jvm/java-1.5.0-gcj-5-amd64 --with-jvm-jar-dir=/usr/lib/jvm-exports/java-1.5.0-gcj-5-amd64 --with-arch-directory=amd64 --with-ecj-jar=/usr/share/java/eclipse-ecj.jar --enable-objc-gc --enable-multiarch --disable-werror --with-arch-32=i686 --with-abi=m64 --with-multilib-list=m32,m64,mx32 --enable-multilib --with-tune=generic --enable-checking=release --build=x86_64-linux-gnu --host=x86_64-linux-gnu --target=x86_64-linux-gnu
Thread model: posix
gcc version 5.4.0 20160609 (Ubuntu 5.4.0-6ubuntu1~16.04.10) 
configure:3195: $? = 0
configure:3184: gcc -V >&5
gcc: error: unrecognized command line option '-V'
gcc: fatal error: no input files
compilation terminated.
configure:3195: $? = 1
configure:3184: gcc -qversion >&5
gcc: error: unrecognized command line option '-qversion'
gcc: fatal error: no input files
compilation terminated.
configure:3195: $? = 1
configure:3215: checking whether the C compiler works
configure:3237: gcc    conftest.c  >&5
configure:3241: $? = 0
configure:3289: result: yes
configure:3292: checking for C compiler default output file name
configure:3294: result: a.out
configure:3300: checking for suffix of executables
configure:3307: gcc -o conftest    conftest.c  >&5
configure:3311: $? = 0
configure:3333: result: 
configure:3355: checking whether we are cross compiling
configure:3363: gcc -o conftest    conftest.c  >&5
configure:3367: $? = 0
configure:3374: ./conftest
configure:3378: $? = 0
configure:3393: result: no
configure:3398: checking for suffix of object files
configure:3420: gcc -c   conftest.c >&5
configure:3424: $? = 0
configure:3445: result: o
configure:3449: checking whether we are using the GNU C compiler
configure:3468: gcc -c   conftest.c >&5
configure:3468: $? = 0
configure:3477: result: yes
configure:3486: checking whether gcc accepts -g
configure:3506: gcc -c -g  conftest.c >&5
configure:3506: $? = 0
configure:3547: result: yes
configure:3564: checking for gcc option to accept ISO C89
configure:3627: gcc  -c -g -O2  conftest.c >&5
configure:3627: $? = 0
configure:3640: result: none needed
configure:3665: checking whether gcc understands -c and -o together
configure:3687: gcc -c conftest.c -o conftest2.o
configure:3690: $? = 0
configure:3687: gcc -c conftest.c -o conftest2.o
configure:3690: $? = 0
configure:3702: result: yes
configure:3725: checking how to run the C preprocessor
configure:3756: gcc -E  conftest.c
configure:3756: $? = 0
configure:3770: gcc -E  conftest.c
conftest.c:9:28: fatal error: ac_nonexistent.h: No such file or directory
compilation terminated.
configure:3770: $? = 1
configure: failed program was:
| /* confdefs.h */
| #define PACKAGE_NAME "ViennaRNA"
| #define PACKAGE_TARNAME "ViennaRNA"
| #define PACKAGE_VERSION "2.4.9"
| #define PACKAGE_STRING "ViennaRNA 2.4.9"
| #define PACKAGE_BUGREPORT "rna@tbi.univie.ac.at"
| #define PACKAGE_URL "http://www.tbi.univie.ac.at/RNA"
| /* end confdefs.h.  */
| #include <ac_nonexistent.h>
configure:3795: result: gcc -E
configure:3815: gcc -E  conftest.c
configure:3815: $? = 0
configure:3829: gcc -E  conftest.c
conftest.c:9:28: fatal error: ac_nonexistent.h: No such file or directory
compilation terminated.
configure:3829: $? = 1
configure: failed program was:
| /* confdefs.h */
| #define PACKAGE_NAME "ViennaRNA"
| #define PACKAGE_TARNAME "ViennaRNA"
| #define PACKAGE_VERSION "2.4.9"
| #define PACKAGE_STRING "ViennaRNA 2.4.9"
| #define PACKAGE_BUGREPORT "rna@tbi.univie.ac.at"
| #define PACKAGE_URL "http://www.tbi.univie.ac.at/RNA"
| /* end confdefs.h.  */
| #include <ac_nonexistent.h>
configure:3858: checking for grep that handles long lines and -e
configure:3916: result: /bin/grep
configure:3921: checking for egrep
configure:3983: result: /bin/grep -E
configure:3988: checking for ANSI C header files
configure:4008: gcc -c -g -O2  conftest.c >&5
configure:4008: $? = 0
configure:4081: gcc -o conftest -g -O2   conftest.c  >&5
configure:4081: $? = 0
configure:4081: ./conftest
configure:4081: $? = 0
configure:4092: result: yes
configure:4105: checking for sys/types.h
configure:4105: gcc -c -g -O2  conftest.c >&5
configure:4105: $? = 0
configure:4105: result: yes
configure:4105: checking for sys/stat.h
configure:4105: gcc -c -g -O2  conftest.c >&5
configure:4105: $? = 0
configure:4105: result: yes
configure:4105: checking for stdlib.h
configure:4105: gcc -c -g -O2  conftest.c >&5
configure:4105: $? = 0
configure:4105: result: yes
configure:4105: checking for string.h
configure:4105: gcc -c -g -O2  conftest.c >&5
configure:4105: $? = 0
configure:4105: result: yes
configure:4105: checking for memory.h
configure:4105: gcc -c -g -O2  conftest.c >&5
configure:4105: $? = 0
configure:4105: result: yes
configure:4105: checking for strings.h
configure:4105: gcc -c -g -O2  conftest.c >&5
configure:4105: $? = 0
configure:4105: result: yes
configure:4105: checking for inttypes.h
configure:4105: gcc -c -g -O2  conftest.c >&5
configure:4105: $? = 0
configure:4105: result: yes
configure:4105: checking for stdint.h
configure:4105: gcc -c -g -O2  conftest.c >&5
configure:4105: $? = 0
configure:4105: result: yes
configure:4105: checking for unistd.h
configure:4105: gcc -c -g -O2  conftest.c >&5
configure:4105: $? = 0
configure:4105: result: yes
configure:4118: checking minix/config.h usability
configure:4118: gcc -c -g -O2  conftest.c >&5
conftest.c:52:26: fatal error: minix/config.h: No such file or directory
compilation terminated.
configure:4118: $? = 1
configure: failed program was:
| /* confdefs.h */
| #define PACKAGE_NAME "ViennaRNA"
| #define PACKAGE_TARNAME "ViennaRNA"
| #define PACKAGE_VERSION "2.4.9"
| #define PACKAGE_STRING "ViennaRNA 2.4.9"
| #define PACKAGE_BUGREPORT "rna@tbi.univie.ac.at"
| #define PACKAGE_URL "http://www.tbi.univie.ac.at/RNA"
| #define STDC_HEADERS 1
| #define HAVE_SYS_TYPES_H 1
| #define HAVE_SYS_STAT_H 1
| #define HAVE_STDLIB_H 1
| #define HAVE_STRING_H 1
| #define HAVE_MEMORY_H 1
| #define HAVE_STRINGS_H 1
| #define HAVE_INTTYPES_H 1
| #define HAVE_STDINT_H 1
| #define HAVE_UNISTD_H 1
| /* end confdefs.h.  */
| #include <stdio.h>
| #ifdef HAVE_SYS_TYPES_H
| # include <sys/types.h>
| #endif
| #ifdef HAVE_SYS_STAT_H
| # include <sys/stat.h>
| #endif
| #ifdef STDC_HEADERS
| # include <stdlib.h>
| # include <stddef.h>
| #else
| # ifdef HAVE_STDLIB_H
| #  include <stdlib.h>
| # endif
| #endif
| #ifdef HAVE_STRING_H
| # if !defined STDC_HEADERS && defined HAVE_MEMORY_H
| #  include <memory.h>
| # endif
| # include <string.h>
| #endif
| #ifdef HAVE_STRINGS_H
| # include <strings.h>
| #endif
| #ifdef HAVE_INTTYPES_H
| # include <inttypes.h>
| #endif
| #ifdef HAVE_STDINT_H
| # include <stdint.h>
| #endif
| #ifdef HAVE_UNISTD_H
| # include <unistd.h>
| #endif
| #include <minix/config.h>
configure:4118: result: no
configure:4118: checking minix/config.h presence
configure:4118: gcc -E  conftest.c
conftest.c:19:26: fatal error: minix/config.h: No such file or directory
compilation terminated.
configure:4118: $? = 1
configure: failed program was:
| /* confdefs.h */
| #define PACKAGE_NAME "ViennaRNA"
| #define PACKAGE_TARNAME "ViennaRNA"
| #define PACKAGE_VERSION "2.4.9"
| #define PACKAGE_STRING "ViennaRNA 2.4.9"
| #define PACKAGE_BUGREPORT "rna@tbi.univie.ac.at"
| #define PACKAGE_URL "http://www.tbi.univie.ac.at/RNA"
| #define STDC_HEADERS 1
| #define HAVE_SYS_TYPES_H 1
| #define HAVE_SYS_STAT_H 1
| #define HAVE_STDLIB_H 1
| #define HAVE_STRING_H 1
| #define HAVE_MEMORY_H 1
| #define HAVE_STRINGS_H 1
| #define HAVE_INTTYPES_H 1
| #define HAVE_STDINT_H 1
| #define HAVE_UNISTD_H 1
| /* end confdefs.h.  */
| #include <minix/config.h>
configure:4118: result: no
configure:4118: checking for minix/config.h
configure:4118: result: no
configure:4139: checking whether it is safe to define __EXTENSIONS__
configure:4157: gcc -c -g -O2  conftest.c >&5
configure:4157: $? = 0
configure:4164: result: yes
configure:4191: checking whether make supports nested variables
configure:4208: result: yes
configure:4235: checking for a BSD-compatible install
configure:4303: result: /usr/bin/install -c
configure:4314: checking whether build environment is sane
configure:4369: result: yes
configure:4517: checking for a thread-safe mkdir -p
configure:4556: result: /bin/mkdir -p
configure:4563: checking for gawk
configure:4579: found /usr/bin/gawk
configure:4590: result: gawk
configure:4601: checking whether make sets $(MAKE)
configure:4623: result: yes
configure:4653: checking for style of include used by make
configure:4681: result: GNU
configure:4778: checking dependency style of gcc
configure:4889: result: gcc3
configure:4951: checking if malloc debugging is wanted
configure:4969: result: no
configure:4982: checking build system type
configure:4996: result: x86_64-unknown-linux-gnu
configure:5016: checking host system type
configure:5029: result: x86_64-unknown-linux-gnu
configure:5108: checking for g++
configure:5124: found /usr/bin/g++
configure:5135: result: g++
configure:5162: checking for C++ compiler version
configure:5171: g++ --version >&5
g++ (Ubuntu 5.4.0-6ubuntu1~16.04.10) 5.4.0 20160609
Copyright (C) 2015 Free Software Foundation, Inc.
This is free software; see the source for copying conditions.  There is NO
warranty; not even for MERCHANTABILITY or FITNESS FOR A PARTICULAR PURPOSE.

configure:5182: $? = 0
configure:5171: g++ -v >&5
Using built-in specs.
COLLECT_GCC=g++
COLLECT_LTO_WRAPPER=/usr/lib/gcc/x86_64-linux-gnu/5/lto-wrapper
Target: x86_64-linux-gnu
Configured with: ../src/configure -v --with-pkgversion='Ubuntu 5.4.0-6ubuntu1~16.04.10' --with-bugurl=file:///usr/share/doc/gcc-5/README.Bugs --enable-languages=c,ada,c++,java,go,d,fortran,objc,obj-c++ --prefix=/usr --program-suffix=-5 --enable-shared --enable-linker-build-id --libexecdir=/usr/lib --without-included-gettext --enable-threads=posix --libdir=/usr/lib --enable-nls --with-sysroot=/ --enable-clocale=gnu --enable-libstdcxx-debug --enable-libstdcxx-time=yes --with-default-libstdcxx-abi=new --enable-gnu-unique-object --disable-vtable-verify --enable-libmpx --enable-plugin --with-system-zlib --disable-browser-plugin --enable-java-awt=gtk --enable-gtk-cairo --with-java-home=/usr/lib/jvm/java-1.5.0-gcj-5-amd64/jre --enable-java-home --with-jvm-root-dir=/usr/lib/jvm/java-1.5.0-gcj-5-amd64 --with-jvm-jar-dir=/usr/lib/jvm-exports/java-1.5.0-gcj-5-amd64 --with-arch-directory=amd64 --with-ecj-jar=/usr/share/java/eclipse-ecj.jar --enable-objc-gc --enable-multiarch --disable-werror --with-arch-32=i686 --with-abi=m64 --with-multilib-list=m32,m64,mx32 --enable-multilib --with-tune=generic --enable-checking=release --build=x86_64-linux-gnu --host=x86_64-linux-gnu --target=x86_64-linux-gnu
Thread model: posix
gcc version 5.4.0 20160609 (Ubuntu 5.4.0-6ubuntu1~16.04.10) 
configure:5182: $? = 0
configure:5171: g++ -V >&5
g++: error: unrecognized command line option '-V'
g++: fatal error: no input files
compilation terminated.
configure:5182: $? = 1
configure:5171: g++ -qversion >&5
g++: error: unrecognized command line option '-qversion'
g++: fatal error: no input files
compilation terminated.
configure:5182: $? = 1
configure:5186: checking whether we are using the GNU C++ compiler
configure:5205: g++ -c   conftest.cpp >&5
configure:5205: $? = 0
configure:5214: result: yes
configure:5223: checking whether g++ accepts -g
configure:5243: g++ -c -g  conftest.cpp >&5
configure:5243: $? = 0
configure:5284: result: yes
configure:5309: checking dependency style of g++
configure:5420: result: gcc3
configure:5440: checking how to run the C++ preprocessor
configure:5467: g++ -E  conftest.cpp
configure:5467: $? = 0
configure:5481: g++ -E  conftest.cpp
conftest.cpp:26:28: fatal error: ac_nonexistent.h: No such file or directory
compilation terminated.
configure:5481: $? = 1
configure: failed program was:
| /* confdefs.h */
| #define PACKAGE_NAME "ViennaRNA"
| #define PACKAGE_TARNAME "ViennaRNA"
| #define PACKAGE_VERSION "2.4.9"
| #define PACKAGE_STRING "ViennaRNA 2.4.9"
| #define PACKAGE_BUGREPORT "rna@tbi.univie.ac.at"
| #define PACKAGE_URL "http://www.tbi.univie.ac.at/RNA"
| #define STDC_HEADERS 1
| #define HAVE_SYS_TYPES_H 1
| #define HAVE_SYS_STAT_H 1
| #define HAVE_STDLIB_H 1
| #define HAVE_STRING_H 1
| #define HAVE_MEMORY_H 1
| #define HAVE_STRINGS_H 1
| #define HAVE_INTTYPES_H 1
| #define HAVE_STDINT_H 1
| #define HAVE_UNISTD_H 1
| #define __EXTENSIONS__ 1
| #define _ALL_SOURCE 1
| #define _GNU_SOURCE 1
| #define _POSIX_PTHREAD_SEMANTICS 1
| #define _TANDEM_SOURCE 1
| #define PACKAGE "ViennaRNA"
| #define VERSION "2.4.9"
| /* end confdefs.h.  */
| #include <ac_nonexistent.h>
configure:5506: result: g++ -E
configure:5526: g++ -E  conftest.cpp
configure:5526: $? = 0
configure:5540: g++ -E  conftest.cpp
conftest.cpp:26:28: fatal error: ac_nonexistent.h: No such file or directory
compilation terminated.
configure:5540: $? = 1
configure: failed program was:
| /* confdefs.h */
| #define PACKAGE_NAME "ViennaRNA"
| #define PACKAGE_TARNAME "ViennaRNA"
| #define PACKAGE_VERSION "2.4.9"
| #define PACKAGE_STRING "ViennaRNA 2.4.9"
| #define PACKAGE_BUGREPORT "rna@tbi.univie.ac.at"
| #define PACKAGE_URL "http://www.tbi.univie.ac.at/RNA"
| #define STDC_HEADERS 1
| #define HAVE_SYS_TYPES_H 1
| #define HAVE_SYS_STAT_H 1
| #define HAVE_STDLIB_H 1
| #define HAVE_STRING_H 1
| #define HAVE_MEMORY_H 1
| #define HAVE_STRINGS_H 1
| #define HAVE_INTTYPES_H 1
| #define HAVE_STDINT_H 1
| #define HAVE_UNISTD_H 1
| #define __EXTENSIONS__ 1
| #define _ALL_SOURCE 1
| #define _GNU_SOURCE 1
| #define _POSIX_PTHREAD_SEMANTICS 1
| #define _TANDEM_SOURCE 1
| #define PACKAGE "ViennaRNA"
| #define VERSION "2.4.9"
| /* end confdefs.h.  */
| #include <ac_nonexistent.h>
configure:5616: checking for gcc
configure:5643: result: gcc
configure:5872: checking for C compiler version
configure:5881: gcc --version >&5
gcc (Ubuntu 5.4.0-6ubuntu1~16.04.10) 5.4.0 20160609
Copyright (C) 2015 Free Software Foundation, Inc.
This is free software; see the source for copying conditions.  There is NO
warranty; not even for MERCHANTABILITY or FITNESS FOR A PARTICULAR PURPOSE.

configure:5892: $? = 0
configure:5881: gcc -v >&5
Using built-in specs.
COLLECT_GCC=gcc
COLLECT_LTO_WRAPPER=/usr/lib/gcc/x86_64-linux-gnu/5/lto-wrapper
Target: x86_64-linux-gnu
Configured with: ../src/configure -v --with-pkgversion='Ubuntu 5.4.0-6ubuntu1~16.04.10' --with-bugurl=file:///usr/share/doc/gcc-5/README.Bugs --enable-languages=c,ada,c++,java,go,d,fortran,objc,obj-c++ --prefix=/usr --program-suffix=-5 --enable-shared --enable-linker-build-id --libexecdir=/usr/lib --without-included-gettext --enable-threads=posix --libdir=/usr/lib --enable-nls --with-sysroot=/ --enable-clocale=gnu --enable-libstdcxx-debug --enable-libstdcxx-time=yes --with-default-libstdcxx-abi=new --enable-gnu-unique-object --disable-vtable-verify --enable-libmpx --enable-plugin --with-system-zlib --disable-browser-plugin --enable-java-awt=gtk --enable-gtk-cairo --with-java-home=/usr/lib/jvm/java-1.5.0-gcj-5-amd64/jre --enable-java-home --with-jvm-root-dir=/usr/lib/jvm/java-1.5.0-gcj-5-amd64 --with-jvm-jar-dir=/usr/lib/jvm-exports/java-1.5.0-gcj-5-amd64 --with-arch-directory=amd64 --with-ecj-jar=/usr/share/java/eclipse-ecj.jar --enable-objc-gc --enable-multiarch --disable-werror --with-arch-32=i686 --with-abi=m64 --with-multilib-list=m32,m64,mx32 --enable-multilib --with-tune=generic --enable-checking=release --build=x86_64-linux-gnu --host=x86_64-linux-gnu --target=x86_64-linux-gnu
Thread model: posix
gcc version 5.4.0 20160609 (Ubuntu 5.4.0-6ubuntu1~16.04.10) 
configure:5892: $? = 0
configure:5881: gcc -V >&5
gcc: error: unrecognized command line option '-V'
gcc: fatal error: no input files
compilation terminated.
configure:5892: $? = 1
configure:5881: gcc -qversion >&5
gcc: error: unrecognized command line option '-qversion'
gcc: fatal error: no input files
compilation terminated.
configure:5892: $? = 1
configure:5896: checking whether we are using the GNU C compiler
configure:5924: result: yes
configure:5933: checking whether gcc accepts -g
configure:5994: result: yes
configure:6011: checking for gcc option to accept ISO C89
configure:6087: result: none needed
configure:6112: checking whether gcc understands -c and -o together
configure:6149: result: yes
configure:6171: checking how to run the C preprocessor
configure:6241: result: gcc -E
configure:6261: gcc -E  conftest.c
configure:6261: $? = 0
configure:6275: gcc -E  conftest.c
conftest.c:26:28: fatal error: ac_nonexistent.h: No such file or directory
compilation terminated.
configure:6275: $? = 1
configure: failed program was:
| /* confdefs.h */
| #define PACKAGE_NAME "ViennaRNA"
| #define PACKAGE_TARNAME "ViennaRNA"
| #define PACKAGE_VERSION "2.4.9"
| #define PACKAGE_STRING "ViennaRNA 2.4.9"
| #define PACKAGE_BUGREPORT "rna@tbi.univie.ac.at"
| #define PACKAGE_URL "http://www.tbi.univie.ac.at/RNA"
| #define STDC_HEADERS 1
| #define HAVE_SYS_TYPES_H 1
| #define HAVE_SYS_STAT_H 1
| #define HAVE_STDLIB_H 1
| #define HAVE_STRING_H 1
| #define HAVE_MEMORY_H 1
| #define HAVE_STRINGS_H 1
| #define HAVE_INTTYPES_H 1
| #define HAVE_STDINT_H 1
| #define HAVE_UNISTD_H 1
| #define __EXTENSIONS__ 1
| #define _ALL_SOURCE 1
| #define _GNU_SOURCE 1
| #define _POSIX_PTHREAD_SEMANTICS 1
| #define _TANDEM_SOURCE 1
| #define PACKAGE "ViennaRNA"
| #define VERSION "2.4.9"
| /* end confdefs.h.  */
| #include <ac_nonexistent.h>
configure:6364: checking for ar
configure:6380: found /usr/bin/ar
configure:6391: result: ar
configure:6417: checking the archiver (ar) interface
configure:6433: gcc -c -g -O2  conftest.c >&5
configure:6433: $? = 0
configure:6435: ar cru libconftest.a conftest.o >&5
ar: `u' modifier ignored since `D' is the default (see `U')
configure:6438: $? = 0
configure:6466: result: ar
configure:6486: checking whether make sets $(MAKE)
configure:6508: result: yes
configure:6517: checking for grep that handles long lines and -e
configure:6575: result: /bin/grep
configure:6582: checking for a sed that does not truncate output
configure:6646: result: /bin/sed
configure:6651: checking whether ln -s works
configure:6655: result: yes
configure:6662: checking for gcc option to accept ISO C99
configure:6811: gcc  -c -g -O2  conftest.c >&5
configure:6811: $? = 0
configure:6824: result: none needed
configure:6886: checking how to print strings
configure:6913: result: printf
configure:6934: checking for a sed that does not truncate output
configure:6998: result: /bin/sed
configure:7016: checking for fgrep
configure:7078: result: /bin/grep -F
configure:7113: checking for ld used by gcc
configure:7180: result: /usr/bin/ld
configure:7187: checking if the linker (/usr/bin/ld) is GNU ld
configure:7202: result: yes
configure:7214: checking for BSD- or MS-compatible name lister (nm)
configure:7268: result: /usr/bin/nm -B
configure:7398: checking the name lister (/usr/bin/nm -B) interface
configure:7405: gcc -c -g -O2  conftest.c >&5
configure:7408: /usr/bin/nm -B "conftest.o"
configure:7411: output
0000000000000000 B some_variable
configure:7418: result: BSD nm
configure:7422: checking the maximum length of command line arguments
configure:7553: result: 1572864
configure:7601: checking how to convert x86_64-unknown-linux-gnu file names to x86_64-unknown-linux-gnu format
configure:7641: result: func_convert_file_noop
configure:7648: checking how to convert x86_64-unknown-linux-gnu file names to toolchain format
configure:7668: result: func_convert_file_noop
configure:7675: checking for /usr/bin/ld option to reload object files
configure:7682: result: -r
configure:7756: checking for objdump
configure:7772: found /usr/bin/objdump
configure:7783: result: objdump
configure:7815: checking how to recognize dependent libraries
configure:8015: result: pass_all
configure:8100: checking for dlltool
configure:8130: result: no
configure:8160: checking how to associate runtime and link libraries
configure:8187: result: printf %s\n
configure:8311: checking for archiver @FILE support
configure:8328: gcc -c -g -O2  conftest.c >&5
configure:8328: $? = 0
configure:8331: ar cru libconftest.a @conftest.lst >&5
ar: `u' modifier ignored since `D' is the default (see `U')
configure:8334: $? = 0
configure:8339: ar cru libconftest.a @conftest.lst >&5
ar: `u' modifier ignored since `D' is the default (see `U')
ar: conftest.o: No such file or directory
configure:8342: $? = 1
configure:8354: result: @
configure:8412: checking for strip
configure:8428: found /usr/bin/strip
configure:8439: result: strip
configure:8511: checking for ranlib
configure:8527: found /usr/bin/ranlib
configure:8538: result: ranlib
configure:8640: checking command to parse /usr/bin/nm -B output from gcc object
configure:8793: gcc -c -g -O2  conftest.c >&5
configure:8796: $? = 0
configure:8800: /usr/bin/nm -B conftest.o \| sed -n -e 's/^.*[ ]\([ABCDGIRSTW][ABCDGIRSTW]*\)[ ][ ]*\([_A-Za-z][_A-Za-z0-9]*\)$/\1 \2 \2/p' | sed '/ __gnu_lto/d' \> conftest.nm
configure:8803: $? = 0
configure:8869: gcc -o conftest -g -O2   conftest.c conftstm.o >&5
configure:8872: $? = 0
configure:8910: result: ok
configure:8957: checking for sysroot
configure:8987: result: no
configure:8994: checking for a working dd
configure:9032: result: /bin/dd
configure:9036: checking how to truncate binary pipes
configure:9051: result: /bin/dd bs=4096 count=1
configure:9187: gcc -c -g -O2  conftest.c >&5
configure:9190: $? = 0
configure:9380: checking for mt
configure:9396: found /bin/mt
configure:9407: result: mt
configure:9430: checking if mt is a manifest tool
configure:9436: mt '-?'
configure:9444: result: no
configure:10118: checking for dlfcn.h
configure:10118: gcc -c -g -O2  conftest.c >&5
configure:10118: $? = 0
configure:10118: result: yes
configure:10385: checking for objdir
configure:10400: result: .libs
configure:10664: checking if gcc supports -fno-rtti -fno-exceptions
configure:10682: gcc -c -g -O2  -fno-rtti -fno-exceptions conftest.c >&5
cc1: warning: command line option '-fno-rtti' is valid for C++/ObjC++ but not for C
configure:10686: $? = 0
configure:10699: result: no
configure:11057: checking for gcc option to produce PIC
configure:11064: result: -fPIC -DPIC
configure:11072: checking if gcc PIC flag -fPIC -DPIC works
configure:11090: gcc -c -g -O2  -fPIC -DPIC -DPIC conftest.c >&5
configure:11094: $? = 0
configure:11107: result: yes
configure:11136: checking if gcc static flag -static works
configure:11164: result: yes
configure:11179: checking if gcc supports -c -o file.o
configure:11200: gcc -c -g -O2  -o out/conftest2.o conftest.c >&5
configure:11204: $? = 0
configure:11226: result: yes
configure:11234: checking if gcc supports -c -o file.o
configure:11281: result: yes
configure:11314: checking whether the gcc linker (/usr/bin/ld -m elf_x86_64) supports shared libraries
configure:12573: result: yes
configure:12610: checking whether -lc should be explicitly linked in
configure:12618: gcc -c -g -O2  conftest.c >&5
configure:12621: $? = 0
configure:12636: gcc -shared  -fPIC -DPIC conftest.o  -v -Wl,-soname -Wl,conftest -o conftest 2\>\&1 \| /bin/grep  -lc  \>/dev/null 2\>\&1
configure:12639: $? = 0
configure:12653: result: no
configure:12813: checking dynamic linker characteristics
configure:13394: gcc -o conftest -g -O2   -Wl,-rpath -Wl,/foo conftest.c  >&5
configure:13394: $? = 0
configure:13631: result: GNU/Linux ld.so
configure:13753: checking how to hardcode library paths into programs
configure:13778: result: immediate
configure:14326: checking whether stripping libraries is possible
configure:14331: result: yes
configure:14366: checking if libtool supports shared libraries
configure:14368: result: yes
configure:14371: checking whether to build shared libraries
configure:14396: result: yes
configure:14399: checking whether to build static libraries
configure:14403: result: yes
configure:14426: checking how to run the C++ preprocessor
configure:14492: result: g++ -E
configure:14512: g++ -E  conftest.cpp
configure:14512: $? = 0
configure:14526: g++ -E  conftest.cpp
conftest.cpp:29:28: fatal error: ac_nonexistent.h: No such file or directory
compilation terminated.
configure:14526: $? = 1
configure: failed program was:
| /* confdefs.h */
| #define PACKAGE_NAME "ViennaRNA"
| #define PACKAGE_TARNAME "ViennaRNA"
| #define PACKAGE_VERSION "2.4.9"
| #define PACKAGE_STRING "ViennaRNA 2.4.9"
| #define PACKAGE_BUGREPORT "rna@tbi.univie.ac.at"
| #define PACKAGE_URL "http://www.tbi.univie.ac.at/RNA"
| #define STDC_HEADERS 1
| #define HAVE_SYS_TYPES_H 1
| #define HAVE_SYS_STAT_H 1
| #define HAVE_STDLIB_H 1
| #define HAVE_STRING_H 1
| #define HAVE_MEMORY_H 1
| #define HAVE_STRINGS_H 1
| #define HAVE_INTTYPES_H 1
| #define HAVE_STDINT_H 1
| #define HAVE_UNISTD_H 1
| #define __EXTENSIONS__ 1
| #define _ALL_SOURCE 1
| #define _GNU_SOURCE 1
| #define _POSIX_PTHREAD_SEMANTICS 1
| #define _TANDEM_SOURCE 1
| #define PACKAGE "ViennaRNA"
| #define VERSION "2.4.9"
| #define UNUSED __attribute__ ((unused))
| #define HAVE_DLFCN_H 1
| #define LT_OBJDIR ".libs/"
| /* end confdefs.h.  */
| #include <ac_nonexistent.h>
configure:14688: checking for ld used by g++
configure:14755: result: /usr/bin/ld -m elf_x86_64
configure:14762: checking if the linker (/usr/bin/ld -m elf_x86_64) is GNU ld
configure:14777: result: yes
configure:14832: checking whether the g++ linker (/usr/bin/ld -m elf_x86_64) supports shared libraries
configure:15905: result: yes
configure:15941: g++ -c -g -O2  conftest.cpp >&5
configure:15944: $? = 0
configure:16425: checking for g++ option to produce PIC
configure:16432: result: -fPIC -DPIC
configure:16440: checking if g++ PIC flag -fPIC -DPIC works
configure:16458: g++ -c -g -O2  -fPIC -DPIC -DPIC conftest.cpp >&5
configure:16462: $? = 0
configure:16475: result: yes
configure:16498: checking if g++ static flag -static works
configure:16526: result: yes
configure:16538: checking if g++ supports -c -o file.o
configure:16559: g++ -c -g -O2  -o out/conftest2.o conftest.cpp >&5
configure:16563: $? = 0
configure:16585: result: yes
configure:16590: checking if g++ supports -c -o file.o
configure:16637: result: yes
configure:16667: checking whether the g++ linker (/usr/bin/ld -m elf_x86_64) supports shared libraries
configure:16707: result: yes
configure:16848: checking dynamic linker characteristics
configure:17593: result: GNU/Linux ld.so
configure:17658: checking how to hardcode library paths into programs
configure:17683: result: immediate
configure:17748: checking for exp in -lm
configure:17773: gcc -o conftest -g -O2   conftest.c -lm   >&5
conftest.c:36:6: warning: conflicting types for built-in function 'exp'
 char exp ();
      ^
configure:17773: $? = 0
configure:17782: result: yes
configure:17794: checking for ANSI C header files
configure:17898: result: yes
configure:17906: checking for stdbool.h that conforms to C99
configure:17973: gcc -c -g -O2  conftest.c >&5
configure:17973: $? = 0
configure:17980: result: yes
configure:17982: checking for _Bool
configure:17982: gcc -c -g -O2  conftest.c >&5
configure:17982: $? = 0
configure:17982: gcc -c -g -O2  conftest.c >&5
conftest.c: In function 'main':
conftest.c:67:20: error: expected expression before ')' token
 if (sizeof ((_Bool)))
                    ^
configure:17982: $? = 1
configure: failed program was:
| /* confdefs.h */
| #define PACKAGE_NAME "ViennaRNA"
| #define PACKAGE_TARNAME "ViennaRNA"
| #define PACKAGE_VERSION "2.4.9"
| #define PACKAGE_STRING "ViennaRNA 2.4.9"
| #define PACKAGE_BUGREPORT "rna@tbi.univie.ac.at"
| #define PACKAGE_URL "http://www.tbi.univie.ac.at/RNA"
| #define STDC_HEADERS 1
| #define HAVE_SYS_TYPES_H 1
| #define HAVE_SYS_STAT_H 1
| #define HAVE_STDLIB_H 1
| #define HAVE_STRING_H 1
| #define HAVE_MEMORY_H 1
| #define HAVE_STRINGS_H 1
| #define HAVE_INTTYPES_H 1
| #define HAVE_STDINT_H 1
| #define HAVE_UNISTD_H 1
| #define __EXTENSIONS__ 1
| #define _ALL_SOURCE 1
| #define _GNU_SOURCE 1
| #define _POSIX_PTHREAD_SEMANTICS 1
| #define _TANDEM_SOURCE 1
| #define PACKAGE "ViennaRNA"
| #define VERSION "2.4.9"
| #define UNUSED __attribute__ ((unused))
| #define HAVE_DLFCN_H 1
| #define LT_OBJDIR ".libs/"
| #define HAVE_LIBM 1
| #define STDC_HEADERS 1
| /* end confdefs.h.  */
| #include <stdio.h>
| #ifdef HAVE_SYS_TYPES_H
| # include <sys/types.h>
| #endif
| #ifdef HAVE_SYS_STAT_H
| # include <sys/stat.h>
| #endif
| #ifdef STDC_HEADERS
| # include <stdlib.h>
| # include <stddef.h>
| #else
| # ifdef HAVE_STDLIB_H
| #  include <stdlib.h>
| # endif
| #endif
| #ifdef HAVE_STRING_H
| # if !defined STDC_HEADERS && defined HAVE_MEMORY_H
| #  include <memory.h>
| # endif
| # include <string.h>
| #endif
| #ifdef HAVE_STRINGS_H
| # include <strings.h>
| #endif
| #ifdef HAVE_INTTYPES_H
| # include <inttypes.h>
| #endif
| #ifdef HAVE_STDINT_H
| # include <stdint.h>
| #endif
| #ifdef HAVE_UNISTD_H
| # include <unistd.h>
| #endif
| int
| main ()
| {
| if (sizeof ((_Bool)))
| 	    return 0;
|   ;
|   return 0;
| }
configure:17982: result: yes
configure:18002: checking malloc.h usability
configure:18002: gcc -c -g -O2  conftest.c >&5
configure:18002: $? = 0
configure:18002: result: yes
configure:18002: checking malloc.h presence
configure:18002: gcc -E  conftest.c
configure:18002: $? = 0
configure:18002: result: yes
configure:18002: checking for malloc.h
configure:18002: result: yes
configure:18002: checking float.h usability
configure:18002: gcc -c -g -O2  conftest.c >&5
configure:18002: $? = 0
configure:18002: result: yes
configure:18002: checking float.h presence
configure:18002: gcc -E  conftest.c
configure:18002: $? = 0
configure:18002: result: yes
configure:18002: checking for float.h
configure:18002: result: yes
configure:18002: checking limits.h usability
configure:18002: gcc -c -g -O2  conftest.c >&5
configure:18002: $? = 0
configure:18002: result: yes
configure:18002: checking limits.h presence
configure:18002: gcc -E  conftest.c
configure:18002: $? = 0
configure:18002: result: yes
configure:18002: checking for limits.h
configure:18002: result: yes
configure:18002: checking for stdlib.h
configure:18002: result: yes
configure:18002: checking for string.h
configure:18002: result: yes
configure:18002: checking for strings.h
configure:18002: result: yes
configure:18002: checking for unistd.h
configure:18002: result: yes
configure:18002: checking math.h usability
configure:18002: gcc -c -g -O2  conftest.c >&5
configure:18002: $? = 0
configure:18002: result: yes
configure:18002: checking math.h presence
configure:18002: gcc -E  conftest.c
configure:18002: $? = 0
configure:18002: result: yes
configure:18002: checking for math.h
configure:18002: result: yes
configure:18002: checking stdarg.h usability
configure:18002: gcc -c -g -O2  conftest.c >&5
configure:18002: $? = 0
configure:18002: result: yes
configure:18002: checking stdarg.h presence
configure:18002: gcc -E  conftest.c
configure:18002: $? = 0
configure:18002: result: yes
configure:18002: checking for stdarg.h
configure:18002: result: yes
configure:18015: checking for stdlib.h
configure:18015: result: yes
configure:18025: checking for GNU libc compatible malloc
configure:18049: gcc -o conftest -g -O2   conftest.c -lm  >&5
configure:18049: $? = 0
configure:18049: ./conftest
configure:18049: $? = 0
configure:18059: result: yes
configure:18082: checking for stdlib.h
configure:18082: result: yes
configure:18092: checking for GNU libc compatible realloc
configure:18116: gcc -o conftest -g -O2   conftest.c -lm  >&5
configure:18116: $? = 0
configure:18116: ./conftest
configure:18116: $? = 0
configure:18126: result: yes
configure:18147: checking for working strtod
configure:18188: gcc -o conftest -g -O2   conftest.c -lm  >&5
configure:18188: $? = 0
configure:18188: ./conftest
configure:18188: $? = 0
configure:18198: result: yes
configure:18263: checking for floor
configure:18263: gcc -o conftest -g -O2   conftest.c -lm  >&5
conftest.c:69:6: warning: conflicting types for built-in function 'floor'
 char floor ();
      ^
configure:18263: $? = 0
configure:18263: result: yes
configure:18263: checking for strdup
configure:18263: gcc -o conftest -g -O2   conftest.c -lm  >&5
conftest.c:70:6: warning: conflicting types for built-in function 'strdup'
 char strdup ();
      ^
configure:18263: $? = 0
configure:18263: result: yes
configure:18263: checking for strstr
configure:18263: gcc -o conftest -g -O2   conftest.c -lm  >&5
conftest.c:71:6: warning: conflicting types for built-in function 'strstr'
 char strstr ();
      ^
configure:18263: $? = 0
configure:18263: result: yes
configure:18263: checking for strchr
configure:18263: gcc -o conftest -g -O2   conftest.c -lm  >&5
conftest.c:72:6: warning: conflicting types for built-in function 'strchr'
 char strchr ();
      ^
configure:18263: $? = 0
configure:18263: result: yes
configure:18263: checking for strrchr
configure:18263: gcc -o conftest -g -O2   conftest.c -lm  >&5
conftest.c:73:6: warning: conflicting types for built-in function 'strrchr'
 char strrchr ();
      ^
configure:18263: $? = 0
configure:18263: result: yes
configure:18263: checking for strstr
configure:18263: result: yes
configure:18263: checking for strtol
configure:18263: gcc -o conftest -g -O2   conftest.c -lm  >&5
configure:18263: $? = 0
configure:18263: result: yes
configure:18263: checking for strtoul
configure:18263: gcc -o conftest -g -O2   conftest.c -lm  >&5
configure:18263: $? = 0
configure:18263: result: yes
configure:18263: checking for pow
configure:18263: gcc -o conftest -g -O2   conftest.c -lm  >&5
conftest.c:77:6: warning: conflicting types for built-in function 'pow'
 char pow ();
      ^
configure:18263: $? = 0
configure:18263: result: yes
configure:18263: checking for rint
configure:18263: gcc -o conftest -g -O2   conftest.c -lm  >&5
conftest.c:78:6: warning: conflicting types for built-in function 'rint'
 char rint ();
      ^
configure:18263: $? = 0
configure:18263: result: yes
configure:18263: checking for sqrt
configure:18263: gcc -o conftest -g -O2   conftest.c -lm  >&5
conftest.c:79:6: warning: conflicting types for built-in function 'sqrt'
 char sqrt ();
      ^
configure:18263: $? = 0
configure:18263: result: yes
configure:18263: checking for erand48
configure:18263: gcc -o conftest -g -O2   conftest.c -lm  >&5
configure:18263: $? = 0
configure:18263: result: yes
configure:18263: checking for memset
configure:18263: gcc -o conftest -g -O2   conftest.c -lm  >&5
conftest.c:81:6: warning: conflicting types for built-in function 'memset'
 char memset ();
      ^
configure:18263: $? = 0
configure:18263: result: yes
configure:18263: checking for memmove
configure:18263: gcc -o conftest -g -O2   conftest.c -lm  >&5
conftest.c:82:6: warning: conflicting types for built-in function 'memmove'
 char memmove ();
      ^
configure:18263: $? = 0
configure:18263: result: yes
configure:18263: checking for erand48
configure:18263: result: yes
configure:18263: checking for asprintf
configure:18263: gcc -o conftest -g -O2   conftest.c -lm  >&5
configure:18263: $? = 0
configure:18263: result: yes
configure:18263: checking for vasprintf
configure:18263: gcc -o conftest -g -O2   conftest.c -lm  >&5
configure:18263: $? = 0
configure:18263: result: yes
configure:18273: checking for an ANSI C-conforming const
configure:18339: gcc -c -g -O2  conftest.c >&5
configure:18339: $? = 0
configure:18346: result: yes
configure:18354: checking for size_t
configure:18354: gcc -c -g -O2  conftest.c >&5
configure:18354: $? = 0
configure:18354: gcc -c -g -O2  conftest.c >&5
conftest.c: In function 'main':
conftest.c:99:21: error: expected expression before ')' token
 if (sizeof ((size_t)))
                     ^
configure:18354: $? = 1
configure: failed program was:
| /* confdefs.h */
| #define PACKAGE_NAME "ViennaRNA"
| #define PACKAGE_TARNAME "ViennaRNA"
| #define PACKAGE_VERSION "2.4.9"
| #define PACKAGE_STRING "ViennaRNA 2.4.9"
| #define PACKAGE_BUGREPORT "rna@tbi.univie.ac.at"
| #define PACKAGE_URL "http://www.tbi.univie.ac.at/RNA"
| #define STDC_HEADERS 1
| #define HAVE_SYS_TYPES_H 1
| #define HAVE_SYS_STAT_H 1
| #define HAVE_STDLIB_H 1
| #define HAVE_STRING_H 1
| #define HAVE_MEMORY_H 1
| #define HAVE_STRINGS_H 1
| #define HAVE_INTTYPES_H 1
| #define HAVE_STDINT_H 1
| #define HAVE_UNISTD_H 1
| #define __EXTENSIONS__ 1
| #define _ALL_SOURCE 1
| #define _GNU_SOURCE 1
| #define _POSIX_PTHREAD_SEMANTICS 1
| #define _TANDEM_SOURCE 1
| #define PACKAGE "ViennaRNA"
| #define VERSION "2.4.9"
| #define UNUSED __attribute__ ((unused))
| #define HAVE_DLFCN_H 1
| #define LT_OBJDIR ".libs/"
| #define HAVE_LIBM 1
| #define STDC_HEADERS 1
| #define HAVE__BOOL 1
| #define HAVE_STDBOOL_H 1
| #define HAVE_MALLOC_H 1
| #define HAVE_FLOAT_H 1
| #define HAVE_LIMITS_H 1
| #define HAVE_STDLIB_H 1
| #define HAVE_STRING_H 1
| #define HAVE_STRINGS_H 1
| #define HAVE_UNISTD_H 1
| #define HAVE_MATH_H 1
| #define HAVE_STDARG_H 1
| #define HAVE_STDLIB_H 1
| #define HAVE_MALLOC 1
| #define HAVE_STDLIB_H 1
| #define HAVE_REALLOC 1
| #define HAVE_FLOOR 1
| #define HAVE_STRDUP 1
| #define HAVE_STRSTR 1
| #define HAVE_STRCHR 1
| #define HAVE_STRRCHR 1
| #define HAVE_STRSTR 1
| #define HAVE_STRTOL 1
| #define HAVE_STRTOUL 1
| #define HAVE_POW 1
| #define HAVE_RINT 1
| #define HAVE_SQRT 1
| #define HAVE_ERAND48 1
| #define HAVE_MEMSET 1
| #define HAVE_MEMMOVE 1
| #define HAVE_ERAND48 1
| #define HAVE_ASPRINTF 1
| #define HAVE_VASPRINTF 1
| /* end confdefs.h.  */
| #include <stdio.h>
| #ifdef HAVE_SYS_TYPES_H
| # include <sys/types.h>
| #endif
| #ifdef HAVE_SYS_STAT_H
| # include <sys/stat.h>
| #endif
| #ifdef STDC_HEADERS
| # include <stdlib.h>
| # include <stddef.h>
| #else
| # ifdef HAVE_STDLIB_H
| #  include <stdlib.h>
| # endif
| #endif
| #ifdef HAVE_STRING_H
| # if !defined STDC_HEADERS && defined HAVE_MEMORY_H
| #  include <memory.h>
| # endif
| # include <string.h>
| #endif
| #ifdef HAVE_STRINGS_H
| # include <strings.h>
| #endif
| #ifdef HAVE_INTTYPES_H
| # include <inttypes.h>
| #endif
| #ifdef HAVE_STDINT_H
| # include <stdint.h>
| #endif
| #ifdef HAVE_UNISTD_H
| # include <unistd.h>
| #endif
| int
| main ()
| {
| if (sizeof ((size_t)))
| 	    return 0;
|   ;
|   return 0;
| }
configure:18354: result: yes
configure:18365: checking for inline
configure:18381: gcc -c -g -O2  conftest.c >&5
configure:18381: $? = 0
configure:18389: result: inline
configure:18462: checking for pkg-config
configure:18480: found /usr/bin/pkg-config
configure:18492: result: /usr/bin/pkg-config
configure:18517: checking pkg-config is at least version 0.9.0
configure:18520: result: yes
configure:18532: checking for C compiler vendor
configure:18579: gcc -c -g -O2  conftest.c >&5
conftest.c: In function 'main':
conftest.c:69:9: error: 'thisisanerror' undeclared (first use in this function)
         thisisanerror;
         ^
conftest.c:69:9: note: each undeclared identifier is reported only once for each function it appears in
configure:18579: $? = 1
configure: failed program was:
| /* confdefs.h */
| #define PACKAGE_NAME "ViennaRNA"
| #define PACKAGE_TARNAME "ViennaRNA"
| #define PACKAGE_VERSION "2.4.9"
| #define PACKAGE_STRING "ViennaRNA 2.4.9"
| #define PACKAGE_BUGREPORT "rna@tbi.univie.ac.at"
| #define PACKAGE_URL "http://www.tbi.univie.ac.at/RNA"
| #define STDC_HEADERS 1
| #define HAVE_SYS_TYPES_H 1
| #define HAVE_SYS_STAT_H 1
| #define HAVE_STDLIB_H 1
| #define HAVE_STRING_H 1
| #define HAVE_MEMORY_H 1
| #define HAVE_STRINGS_H 1
| #define HAVE_INTTYPES_H 1
| #define HAVE_STDINT_H 1
| #define HAVE_UNISTD_H 1
| #define __EXTENSIONS__ 1
| #define _ALL_SOURCE 1
| #define _GNU_SOURCE 1
| #define _POSIX_PTHREAD_SEMANTICS 1
| #define _TANDEM_SOURCE 1
| #define PACKAGE "ViennaRNA"
| #define VERSION "2.4.9"
| #define UNUSED __attribute__ ((unused))
| #define HAVE_DLFCN_H 1
| #define LT_OBJDIR ".libs/"
| #define HAVE_LIBM 1
| #define STDC_HEADERS 1
| #define HAVE__BOOL 1
| #define HAVE_STDBOOL_H 1
| #define HAVE_MALLOC_H 1
| #define HAVE_FLOAT_H 1
| #define HAVE_LIMITS_H 1
| #define HAVE_STDLIB_H 1
| #define HAVE_STRING_H 1
| #define HAVE_STRINGS_H 1
| #define HAVE_UNISTD_H 1
| #define HAVE_MATH_H 1
| #define HAVE_STDARG_H 1
| #define HAVE_STDLIB_H 1
| #define HAVE_MALLOC 1
| #define HAVE_STDLIB_H 1
| #define HAVE_REALLOC 1
| #define HAVE_FLOOR 1
| #define HAVE_STRDUP 1
| #define HAVE_STRSTR 1
| #define HAVE_STRCHR 1
| #define HAVE_STRRCHR 1
| #define HAVE_STRSTR 1
| #define HAVE_STRTOL 1
| #define HAVE_STRTOUL 1
| #define HAVE_POW 1
| #define HAVE_RINT 1
| #define HAVE_SQRT 1
| #define HAVE_ERAND48 1
| #define HAVE_MEMSET 1
| #define HAVE_MEMMOVE 1
| #define HAVE_ERAND48 1
| #define HAVE_ASPRINTF 1
| #define HAVE_VASPRINTF 1
| /* end confdefs.h.  */
| 
| int
| main ()
| {
| 
|       #if !(defined(__ICC) || defined(__ECC) || defined(__INTEL_COMPILER))
|         thisisanerror;
|       #endif
| 
|   ;
|   return 0;
| }
configure:18579: gcc -c -g -O2  conftest.c >&5
conftest.c: In function 'main':
conftest.c:69:9: error: 'thisisanerror' undeclared (first use in this function)
         thisisanerror;
         ^
conftest.c:69:9: note: each undeclared identifier is reported only once for each function it appears in
configure:18579: $? = 1
configure: failed program was:
| /* confdefs.h */
| #define PACKAGE_NAME "ViennaRNA"
| #define PACKAGE_TARNAME "ViennaRNA"
| #define PACKAGE_VERSION "2.4.9"
| #define PACKAGE_STRING "ViennaRNA 2.4.9"
| #define PACKAGE_BUGREPORT "rna@tbi.univie.ac.at"
| #define PACKAGE_URL "http://www.tbi.univie.ac.at/RNA"
| #define STDC_HEADERS 1
| #define HAVE_SYS_TYPES_H 1
| #define HAVE_SYS_STAT_H 1
| #define HAVE_STDLIB_H 1
| #define HAVE_STRING_H 1
| #define HAVE_MEMORY_H 1
| #define HAVE_STRINGS_H 1
| #define HAVE_INTTYPES_H 1
| #define HAVE_STDINT_H 1
| #define HAVE_UNISTD_H 1
| #define __EXTENSIONS__ 1
| #define _ALL_SOURCE 1
| #define _GNU_SOURCE 1
| #define _POSIX_PTHREAD_SEMANTICS 1
| #define _TANDEM_SOURCE 1
| #define PACKAGE "ViennaRNA"
| #define VERSION "2.4.9"
| #define UNUSED __attribute__ ((unused))
| #define HAVE_DLFCN_H 1
| #define LT_OBJDIR ".libs/"
| #define HAVE_LIBM 1
| #define STDC_HEADERS 1
| #define HAVE__BOOL 1
| #define HAVE_STDBOOL_H 1
| #define HAVE_MALLOC_H 1
| #define HAVE_FLOAT_H 1
| #define HAVE_LIMITS_H 1
| #define HAVE_STDLIB_H 1
| #define HAVE_STRING_H 1
| #define HAVE_STRINGS_H 1
| #define HAVE_UNISTD_H 1
| #define HAVE_MATH_H 1
| #define HAVE_STDARG_H 1
| #define HAVE_STDLIB_H 1
| #define HAVE_MALLOC 1
| #define HAVE_STDLIB_H 1
| #define HAVE_REALLOC 1
| #define HAVE_FLOOR 1
| #define HAVE_STRDUP 1
| #define HAVE_STRSTR 1
| #define HAVE_STRCHR 1
| #define HAVE_STRRCHR 1
| #define HAVE_STRSTR 1
| #define HAVE_STRTOL 1
| #define HAVE_STRTOUL 1
| #define HAVE_POW 1
| #define HAVE_RINT 1
| #define HAVE_SQRT 1
| #define HAVE_ERAND48 1
| #define HAVE_MEMSET 1
| #define HAVE_MEMMOVE 1
| #define HAVE_ERAND48 1
| #define HAVE_ASPRINTF 1
| #define HAVE_VASPRINTF 1
| /* end confdefs.h.  */
| 
| int
| main ()
| {
| 
|       #if !(defined(__xlc__) || defined(__xlC__) || defined(__IBMC__) || defined(__IBMCPP__))
|         thisisanerror;
|       #endif
| 
|   ;
|   return 0;
| }
configure:18579: gcc -c -g -O2  conftest.c >&5
conftest.c: In function 'main':
conftest.c:69:9: error: 'thisisanerror' undeclared (first use in this function)
         thisisanerror;
         ^
conftest.c:69:9: note: each undeclared identifier is reported only once for each function it appears in
configure:18579: $? = 1
configure: failed program was:
| /* confdefs.h */
| #define PACKAGE_NAME "ViennaRNA"
| #define PACKAGE_TARNAME "ViennaRNA"
| #define PACKAGE_VERSION "2.4.9"
| #define PACKAGE_STRING "ViennaRNA 2.4.9"
| #define PACKAGE_BUGREPORT "rna@tbi.univie.ac.at"
| #define PACKAGE_URL "http://www.tbi.univie.ac.at/RNA"
| #define STDC_HEADERS 1
| #define HAVE_SYS_TYPES_H 1
| #define HAVE_SYS_STAT_H 1
| #define HAVE_STDLIB_H 1
| #define HAVE_STRING_H 1
| #define HAVE_MEMORY_H 1
| #define HAVE_STRINGS_H 1
| #define HAVE_INTTYPES_H 1
| #define HAVE_STDINT_H 1
| #define HAVE_UNISTD_H 1
| #define __EXTENSIONS__ 1
| #define _ALL_SOURCE 1
| #define _GNU_SOURCE 1
| #define _POSIX_PTHREAD_SEMANTICS 1
| #define _TANDEM_SOURCE 1
| #define PACKAGE "ViennaRNA"
| #define VERSION "2.4.9"
| #define UNUSED __attribute__ ((unused))
| #define HAVE_DLFCN_H 1
| #define LT_OBJDIR ".libs/"
| #define HAVE_LIBM 1
| #define STDC_HEADERS 1
| #define HAVE__BOOL 1
| #define HAVE_STDBOOL_H 1
| #define HAVE_MALLOC_H 1
| #define HAVE_FLOAT_H 1
| #define HAVE_LIMITS_H 1
| #define HAVE_STDLIB_H 1
| #define HAVE_STRING_H 1
| #define HAVE_STRINGS_H 1
| #define HAVE_UNISTD_H 1
| #define HAVE_MATH_H 1
| #define HAVE_STDARG_H 1
| #define HAVE_STDLIB_H 1
| #define HAVE_MALLOC 1
| #define HAVE_STDLIB_H 1
| #define HAVE_REALLOC 1
| #define HAVE_FLOOR 1
| #define HAVE_STRDUP 1
| #define HAVE_STRSTR 1
| #define HAVE_STRCHR 1
| #define HAVE_STRRCHR 1
| #define HAVE_STRSTR 1
| #define HAVE_STRTOL 1
| #define HAVE_STRTOUL 1
| #define HAVE_POW 1
| #define HAVE_RINT 1
| #define HAVE_SQRT 1
| #define HAVE_ERAND48 1
| #define HAVE_MEMSET 1
| #define HAVE_MEMMOVE 1
| #define HAVE_ERAND48 1
| #define HAVE_ASPRINTF 1
| #define HAVE_VASPRINTF 1
| /* end confdefs.h.  */
| 
| int
| main ()
| {
| 
|       #if !(defined(__PATHCC__) || defined(__PATHSCALE__))
|         thisisanerror;
|       #endif
| 
|   ;
|   return 0;
| }
configure:18579: gcc -c -g -O2  conftest.c >&5
conftest.c: In function 'main':
conftest.c:69:9: error: 'thisisanerror' undeclared (first use in this function)
         thisisanerror;
         ^
conftest.c:69:9: note: each undeclared identifier is reported only once for each function it appears in
configure:18579: $? = 1
configure: failed program was:
| /* confdefs.h */
| #define PACKAGE_NAME "ViennaRNA"
| #define PACKAGE_TARNAME "ViennaRNA"
| #define PACKAGE_VERSION "2.4.9"
| #define PACKAGE_STRING "ViennaRNA 2.4.9"
| #define PACKAGE_BUGREPORT "rna@tbi.univie.ac.at"
| #define PACKAGE_URL "http://www.tbi.univie.ac.at/RNA"
| #define STDC_HEADERS 1
| #define HAVE_SYS_TYPES_H 1
| #define HAVE_SYS_STAT_H 1
| #define HAVE_STDLIB_H 1
| #define HAVE_STRING_H 1
| #define HAVE_MEMORY_H 1
| #define HAVE_STRINGS_H 1
| #define HAVE_INTTYPES_H 1
| #define HAVE_STDINT_H 1
| #define HAVE_UNISTD_H 1
| #define __EXTENSIONS__ 1
| #define _ALL_SOURCE 1
| #define _GNU_SOURCE 1
| #define _POSIX_PTHREAD_SEMANTICS 1
| #define _TANDEM_SOURCE 1
| #define PACKAGE "ViennaRNA"
| #define VERSION "2.4.9"
| #define UNUSED __attribute__ ((unused))
| #define HAVE_DLFCN_H 1
| #define LT_OBJDIR ".libs/"
| #define HAVE_LIBM 1
| #define STDC_HEADERS 1
| #define HAVE__BOOL 1
| #define HAVE_STDBOOL_H 1
| #define HAVE_MALLOC_H 1
| #define HAVE_FLOAT_H 1
| #define HAVE_LIMITS_H 1
| #define HAVE_STDLIB_H 1
| #define HAVE_STRING_H 1
| #define HAVE_STRINGS_H 1
| #define HAVE_UNISTD_H 1
| #define HAVE_MATH_H 1
| #define HAVE_STDARG_H 1
| #define HAVE_STDLIB_H 1
| #define HAVE_MALLOC 1
| #define HAVE_STDLIB_H 1
| #define HAVE_REALLOC 1
| #define HAVE_FLOOR 1
| #define HAVE_STRDUP 1
| #define HAVE_STRSTR 1
| #define HAVE_STRCHR 1
| #define HAVE_STRRCHR 1
| #define HAVE_STRSTR 1
| #define HAVE_STRTOL 1
| #define HAVE_STRTOUL 1
| #define HAVE_POW 1
| #define HAVE_RINT 1
| #define HAVE_SQRT 1
| #define HAVE_ERAND48 1
| #define HAVE_MEMSET 1
| #define HAVE_MEMMOVE 1
| #define HAVE_ERAND48 1
| #define HAVE_ASPRINTF 1
| #define HAVE_VASPRINTF 1
| /* end confdefs.h.  */
| 
| int
| main ()
| {
| 
|       #if !(defined(__clang__))
|         thisisanerror;
|       #endif
| 
|   ;
|   return 0;
| }
configure:18579: gcc -c -g -O2  conftest.c >&5
conftest.c: In function 'main':
conftest.c:69:9: error: 'thisisanerror' undeclared (first use in this function)
         thisisanerror;
         ^
conftest.c:69:9: note: each undeclared identifier is reported only once for each function it appears in
configure:18579: $? = 1
configure: failed program was:
| /* confdefs.h */
| #define PACKAGE_NAME "ViennaRNA"
| #define PACKAGE_TARNAME "ViennaRNA"
| #define PACKAGE_VERSION "2.4.9"
| #define PACKAGE_STRING "ViennaRNA 2.4.9"
| #define PACKAGE_BUGREPORT "rna@tbi.univie.ac.at"
| #define PACKAGE_URL "http://www.tbi.univie.ac.at/RNA"
| #define STDC_HEADERS 1
| #define HAVE_SYS_TYPES_H 1
| #define HAVE_SYS_STAT_H 1
| #define HAVE_STDLIB_H 1
| #define HAVE_STRING_H 1
| #define HAVE_MEMORY_H 1
| #define HAVE_STRINGS_H 1
| #define HAVE_INTTYPES_H 1
| #define HAVE_STDINT_H 1
| #define HAVE_UNISTD_H 1
| #define __EXTENSIONS__ 1
| #define _ALL_SOURCE 1
| #define _GNU_SOURCE 1
| #define _POSIX_PTHREAD_SEMANTICS 1
| #define _TANDEM_SOURCE 1
| #define PACKAGE "ViennaRNA"
| #define VERSION "2.4.9"
| #define UNUSED __attribute__ ((unused))
| #define HAVE_DLFCN_H 1
| #define LT_OBJDIR ".libs/"
| #define HAVE_LIBM 1
| #define STDC_HEADERS 1
| #define HAVE__BOOL 1
| #define HAVE_STDBOOL_H 1
| #define HAVE_MALLOC_H 1
| #define HAVE_FLOAT_H 1
| #define HAVE_LIMITS_H 1
| #define HAVE_STDLIB_H 1
| #define HAVE_STRING_H 1
| #define HAVE_STRINGS_H 1
| #define HAVE_UNISTD_H 1
| #define HAVE_MATH_H 1
| #define HAVE_STDARG_H 1
| #define HAVE_STDLIB_H 1
| #define HAVE_MALLOC 1
| #define HAVE_STDLIB_H 1
| #define HAVE_REALLOC 1
| #define HAVE_FLOOR 1
| #define HAVE_STRDUP 1
| #define HAVE_STRSTR 1
| #define HAVE_STRCHR 1
| #define HAVE_STRRCHR 1
| #define HAVE_STRSTR 1
| #define HAVE_STRTOL 1
| #define HAVE_STRTOUL 1
| #define HAVE_POW 1
| #define HAVE_RINT 1
| #define HAVE_SQRT 1
| #define HAVE_ERAND48 1
| #define HAVE_MEMSET 1
| #define HAVE_MEMMOVE 1
| #define HAVE_ERAND48 1
| #define HAVE_ASPRINTF 1
| #define HAVE_VASPRINTF 1
| /* end confdefs.h.  */
| 
| int
| main ()
| {
| 
|       #if !(defined(_CRAYC))
|         thisisanerror;
|       #endif
| 
|   ;
|   return 0;
| }
configure:18579: gcc -c -g -O2  conftest.c >&5
conftest.c: In function 'main':
conftest.c:69:9: error: 'thisisanerror' undeclared (first use in this function)
         thisisanerror;
         ^
conftest.c:69:9: note: each undeclared identifier is reported only once for each function it appears in
configure:18579: $? = 1
configure: failed program was:
| /* confdefs.h */
| #define PACKAGE_NAME "ViennaRNA"
| #define PACKAGE_TARNAME "ViennaRNA"
| #define PACKAGE_VERSION "2.4.9"
| #define PACKAGE_STRING "ViennaRNA 2.4.9"
| #define PACKAGE_BUGREPORT "rna@tbi.univie.ac.at"
| #define PACKAGE_URL "http://www.tbi.univie.ac.at/RNA"
| #define STDC_HEADERS 1
| #define HAVE_SYS_TYPES_H 1
| #define HAVE_SYS_STAT_H 1
| #define HAVE_STDLIB_H 1
| #define HAVE_STRING_H 1
| #define HAVE_MEMORY_H 1
| #define HAVE_STRINGS_H 1
| #define HAVE_INTTYPES_H 1
| #define HAVE_STDINT_H 1
| #define HAVE_UNISTD_H 1
| #define __EXTENSIONS__ 1
| #define _ALL_SOURCE 1
| #define _GNU_SOURCE 1
| #define _POSIX_PTHREAD_SEMANTICS 1
| #define _TANDEM_SOURCE 1
| #define PACKAGE "ViennaRNA"
| #define VERSION "2.4.9"
| #define UNUSED __attribute__ ((unused))
| #define HAVE_DLFCN_H 1
| #define LT_OBJDIR ".libs/"
| #define HAVE_LIBM 1
| #define STDC_HEADERS 1
| #define HAVE__BOOL 1
| #define HAVE_STDBOOL_H 1
| #define HAVE_MALLOC_H 1
| #define HAVE_FLOAT_H 1
| #define HAVE_LIMITS_H 1
| #define HAVE_STDLIB_H 1
| #define HAVE_STRING_H 1
| #define HAVE_STRINGS_H 1
| #define HAVE_UNISTD_H 1
| #define HAVE_MATH_H 1
| #define HAVE_STDARG_H 1
| #define HAVE_STDLIB_H 1
| #define HAVE_MALLOC 1
| #define HAVE_STDLIB_H 1
| #define HAVE_REALLOC 1
| #define HAVE_FLOOR 1
| #define HAVE_STRDUP 1
| #define HAVE_STRSTR 1
| #define HAVE_STRCHR 1
| #define HAVE_STRRCHR 1
| #define HAVE_STRSTR 1
| #define HAVE_STRTOL 1
| #define HAVE_STRTOUL 1
| #define HAVE_POW 1
| #define HAVE_RINT 1
| #define HAVE_SQRT 1
| #define HAVE_ERAND48 1
| #define HAVE_MEMSET 1
| #define HAVE_MEMMOVE 1
| #define HAVE_ERAND48 1
| #define HAVE_ASPRINTF 1
| #define HAVE_VASPRINTF 1
| /* end confdefs.h.  */
| 
| int
| main ()
| {
| 
|       #if !(defined(__FUJITSU))
|         thisisanerror;
|       #endif
| 
|   ;
|   return 0;
| }
configure:18579: gcc -c -g -O2  conftest.c >&5
configure:18579: $? = 0
configure:18587: result: gnu
configure:18597: checking for perl
configure:18615: found /usr/bin/perl
configure:18627: result: /usr/bin/perl
configure:18655: checking whether C compiler accepts -fno-strict-aliasing
configure:18674: gcc -c -g -O2  -fno-strict-aliasing  conftest.c >&5
configure:18674: $? = 0
configure:18682: result: yes
configure:18710: : RNA_CFLAGS="$RNA_CFLAGS"
configure:18713: $? = 0
configure:18736: checking whether C++ compiler accepts -fno-strict-aliasing
configure:18755: g++ -c -g -O2  -fno-strict-aliasing  conftest.cpp >&5
configure:18755: $? = 0
configure:18763: result: yes
configure:18791: : RNA_CXXFLAGS="$RNA_CXXFLAGS"
configure:18794: $? = 0
configure:18811: checking whether the linker accepts -fno-strict-aliasing
configure:18830: gcc -o conftest -g -O2    -fno-strict-aliasing conftest.c -lm  >&5
configure:18830: $? = 0
configure:18839: result: yes
configure:18867: : RNA_LDFLAGS="$RNA_LDFLAGS"
configure:18870: $? = 0
configure:18911: checking whether the C compiler allows unnamed unions of unnamed structs
configure:18934: gcc -o conftest -g -O2   conftest.c -lm  >&5
configure:18934: $? = 0
configure:18934: ./conftest
configure:18934: $? = 0
configure:18950: result: yes
configure:18955: checking whether the C++ compiler allows unnamed unions of unnamed structs
configure:18979: g++ -o conftest -g -O2   conftest.cpp -lm  >&5
configure:18979: $? = 0
configure:18979: ./conftest
configure:18979: $? = 0
configure:18995: result: yes
configure:19590: checking whether C compiler accepts -flto
configure:19609: gcc -c -g -O2  -flto  conftest.c >&5
configure:19609: $? = 0
configure:19617: result: yes
configure:19639: checking whether C++ compiler accepts -flto
configure:19658: g++ -c -g -O2  -flto  conftest.cpp >&5
configure:19658: $? = 0
configure:19666: result: yes
configure:19688: checking whether C compiler accepts -ffat-lto-objects
configure:19707: gcc -c -g -O2  -ffat-lto-objects  conftest.c >&5
configure:19707: $? = 0
configure:19715: result: yes
configure:19737: checking whether C++ compiler accepts -ffat-lto-objects
configure:19756: g++ -c -g -O2  -ffat-lto-objects  conftest.cpp >&5
configure:19756: $? = 0
configure:19764: result: yes
configure:20014: WARNING: Trying to re-set ar/ranlib/nm to compiler specific wrappers
configure:20062: checking for gcc-ar
configure:20078: found /usr/bin/gcc-ar
configure:20089: result: gcc-ar
configure:20154: checking for gcc-ranlib
configure:20170: found /usr/bin/gcc-ranlib
configure:20181: result: gcc-ranlib
configure:20246: checking for gcc-nm
configure:20262: found /usr/bin/gcc-nm
configure:20273: result: gcc-nm
configure:20639: checking whether the linker supports Link time Optimization (LTO)
configure:20668: gcc -o conftest -g -O2  -flto -ffat-lto-objects   -flto -ffat-lto-objects  -flto conftest.c -lm  >&5
conftest.c: In function 'main':
conftest.c:68:1: warning: implicit declaration of function 'printf' [-Wimplicit-function-declaration]
 printf("bla");
 ^
conftest.c:68:1: warning: incompatible implicit declaration of built-in function 'printf'
conftest.c:68:1: note: include '<stdio.h>' or provide a declaration of 'printf'
configure:20668: $? = 0
configure:20687: result: yes
configure:20769: checking for ./src/libsvm-3.22/svm.cpp
configure:20772: result: yes
configure:20769: checking for ./src/libsvm-3.22/svm.h
configure:20772: result: yes
configure:20845: checking for ./src/json/json.c
configure:20848: result: yes
configure:20845: checking for ./src/json/json.h
configure:20848: result: yes
configure:20948: checking for cblas_dgemm in -lgslcblas
configure:20973: gcc -o conftest -g -O2   conftest.c -lgslcblas  -lm  >&5
/usr/bin/ld: cannot find -lgslcblas
collect2: error: ld returned 1 exit status
configure:20973: $? = 1
configure: failed program was:
| /* confdefs.h */
| #define PACKAGE_NAME "ViennaRNA"
| #define PACKAGE_TARNAME "ViennaRNA"
| #define PACKAGE_VERSION "2.4.9"
| #define PACKAGE_STRING "ViennaRNA 2.4.9"
| #define PACKAGE_BUGREPORT "rna@tbi.univie.ac.at"
| #define PACKAGE_URL "http://www.tbi.univie.ac.at/RNA"
| #define STDC_HEADERS 1
| #define HAVE_SYS_TYPES_H 1
| #define HAVE_SYS_STAT_H 1
| #define HAVE_STDLIB_H 1
| #define HAVE_STRING_H 1
| #define HAVE_MEMORY_H 1
| #define HAVE_STRINGS_H 1
| #define HAVE_INTTYPES_H 1
| #define HAVE_STDINT_H 1
| #define HAVE_UNISTD_H 1
| #define __EXTENSIONS__ 1
| #define _ALL_SOURCE 1
| #define _GNU_SOURCE 1
| #define _POSIX_PTHREAD_SEMANTICS 1
| #define _TANDEM_SOURCE 1
| #define PACKAGE "ViennaRNA"
| #define VERSION "2.4.9"
| #define UNUSED __attribute__ ((unused))
| #define HAVE_DLFCN_H 1
| #define LT_OBJDIR ".libs/"
| #define HAVE_LIBM 1
| #define STDC_HEADERS 1
| #define HAVE__BOOL 1
| #define HAVE_STDBOOL_H 1
| #define HAVE_MALLOC_H 1
| #define HAVE_FLOAT_H 1
| #define HAVE_LIMITS_H 1
| #define HAVE_STDLIB_H 1
| #define HAVE_STRING_H 1
| #define HAVE_STRINGS_H 1
| #define HAVE_UNISTD_H 1
| #define HAVE_MATH_H 1
| #define HAVE_STDARG_H 1
| #define HAVE_STDLIB_H 1
| #define HAVE_MALLOC 1
| #define HAVE_STDLIB_H 1
| #define HAVE_REALLOC 1
| #define HAVE_FLOOR 1
| #define HAVE_STRDUP 1
| #define HAVE_STRSTR 1
| #define HAVE_STRCHR 1
| #define HAVE_STRRCHR 1
| #define HAVE_STRSTR 1
| #define HAVE_STRTOL 1
| #define HAVE_STRTOUL 1
| #define HAVE_POW 1
| #define HAVE_RINT 1
| #define HAVE_SQRT 1
| #define HAVE_ERAND48 1
| #define HAVE_MEMSET 1
| #define HAVE_MEMMOVE 1
| #define HAVE_ERAND48 1
| #define HAVE_ASPRINTF 1
| #define HAVE_VASPRINTF 1
| #define VRNA_WITH_SVM 1
| #define VRNA_WITH_JSON_SUPPORT 1
| /* end confdefs.h.  */
| 
| /* Override any GCC internal prototype to avoid an error.
|    Use char because int might match the return type of a GCC
|    builtin and then its argument prototype would still apply.  */
| #ifdef __cplusplus
| extern "C"
| #endif
| char cblas_dgemm ();
| int
| main ()
| {
| return cblas_dgemm ();
|   ;
|   return 0;
| }
configure:20982: result: no
configure:20993: checking for gsl_blas_dgemm in -lgsl
configure:21018: gcc -o conftest -g -O2   conftest.c -lgsl  -lm  >&5
/usr/bin/ld: cannot find -lgsl
collect2: error: ld returned 1 exit status
configure:21018: $? = 1
configure: failed program was:
| /* confdefs.h */
| #define PACKAGE_NAME "ViennaRNA"
| #define PACKAGE_TARNAME "ViennaRNA"
| #define PACKAGE_VERSION "2.4.9"
| #define PACKAGE_STRING "ViennaRNA 2.4.9"
| #define PACKAGE_BUGREPORT "rna@tbi.univie.ac.at"
| #define PACKAGE_URL "http://www.tbi.univie.ac.at/RNA"
| #define STDC_HEADERS 1
| #define HAVE_SYS_TYPES_H 1
| #define HAVE_SYS_STAT_H 1
| #define HAVE_STDLIB_H 1
| #define HAVE_STRING_H 1
| #define HAVE_MEMORY_H 1
| #define HAVE_STRINGS_H 1
| #define HAVE_INTTYPES_H 1
| #define HAVE_STDINT_H 1
| #define HAVE_UNISTD_H 1
| #define __EXTENSIONS__ 1
| #define _ALL_SOURCE 1
| #define _GNU_SOURCE 1
| #define _POSIX_PTHREAD_SEMANTICS 1
| #define _TANDEM_SOURCE 1
| #define PACKAGE "ViennaRNA"
| #define VERSION "2.4.9"
| #define UNUSED __attribute__ ((unused))
| #define HAVE_DLFCN_H 1
| #define LT_OBJDIR ".libs/"
| #define HAVE_LIBM 1
| #define STDC_HEADERS 1
| #define HAVE__BOOL 1
| #define HAVE_STDBOOL_H 1
| #define HAVE_MALLOC_H 1
| #define HAVE_FLOAT_H 1
| #define HAVE_LIMITS_H 1
| #define HAVE_STDLIB_H 1
| #define HAVE_STRING_H 1
| #define HAVE_STRINGS_H 1
| #define HAVE_UNISTD_H 1
| #define HAVE_MATH_H 1
| #define HAVE_STDARG_H 1
| #define HAVE_STDLIB_H 1
| #define HAVE_MALLOC 1
| #define HAVE_STDLIB_H 1
| #define HAVE_REALLOC 1
| #define HAVE_FLOOR 1
| #define HAVE_STRDUP 1
| #define HAVE_STRSTR 1
| #define HAVE_STRCHR 1
| #define HAVE_STRRCHR 1
| #define HAVE_STRSTR 1
| #define HAVE_STRTOL 1
| #define HAVE_STRTOUL 1
| #define HAVE_POW 1
| #define HAVE_RINT 1
| #define HAVE_SQRT 1
| #define HAVE_ERAND48 1
| #define HAVE_MEMSET 1
| #define HAVE_MEMMOVE 1
| #define HAVE_ERAND48 1
| #define HAVE_ASPRINTF 1
| #define HAVE_VASPRINTF 1
| #define VRNA_WITH_SVM 1
| #define VRNA_WITH_JSON_SUPPORT 1
| /* end confdefs.h.  */
| 
| /* Override any GCC internal prototype to avoid an error.
|    Use char because int might match the return type of a GCC
|    builtin and then its argument prototype would still apply.  */
| #ifdef __cplusplus
| extern "C"
| #endif
| char gsl_blas_dgemm ();
| int
| main ()
| {
| return gsl_blas_dgemm ();
|   ;
|   return 0;
| }
configure:21027: result: no
configure:21040: WARNING: "Can't find libgsl. Falling back to default implementation."
configure:21105: checking for OpenMP flag of C compiler
configure:21147: gcc -o conftest -g -O2 -fopenmp   conftest.c -lm  >&5
configure:21147: $? = 0
configure:21156: result: -fopenmp
configure:21188: checking for OpenMP flag of C++ compiler
configure:21230: g++ -o conftest -g -O2 -fopenmp   conftest.cpp -lm  >&5
configure:21230: $? = 0
configure:21239: result: -fopenmp
configure:21486: checking whether gcc is Clang
configure:21511: result: no
configure:21634: checking whether pthreads work with -pthread
configure:21728: gcc -o conftest -g -O2 -pthread   conftest.c  -lm  >&5
configure:21728: $? = 0
configure:21737: result: yes
configure:21756: checking for joinable pthread attribute
configure:21774: gcc -o conftest -g -O2 -pthread   conftest.c  -lm  >&5
configure:21774: $? = 0
configure:21782: result: PTHREAD_CREATE_JOINABLE
configure:21796: checking whether more special flags are required for pthreads
configure:21809: result: no
configure:21817: checking for PTHREAD_PRIO_INHERIT
configure:21833: gcc -o conftest -g -O2 -pthread   conftest.c  -lm  >&5
configure:21833: $? = 0
configure:21842: result: yes
configure:22548: checking for ./interfaces/Makefile.am
configure:22551: result: yes
configure:22582: checking for swig
configure:22615: result: no
configure:22582: checking for swig2.0
configure:22615: result: no
configure:22735: checking for ./interfaces/Perl/Makefile.am
configure:22738: result: yes
configure:22774: checking for ./interfaces/Perl/RNA_wrap.cpp
configure:22777: result: yes
configure:22789: checking for ./interfaces/Perl/RNA.pm
configure:22792: result: yes
configure:22821: checking for /usr/bin/perl
configure:22851: result: /usr/bin/perl
configure:22869: checking for Perl prefix
configure:22874: result: /usr
configure:22882: checking for Perl siteprefix
configure:22887: result: /usr/local
configure:22895: checking for Perl vendorprefix
configure:22900: result: /usr
configure:22908: checking for Perl extension include path
configure:22913: result: /usr/lib/x86_64-linux-gnu/perl/5.22/CORE
configure:22921: checking for Perl extension target directory
configure:22926: result: /usr/local/lib/x86_64-linux-gnu/perl/5.22.1
configure:22935: checking for architecture dependent Perl extension site target directory
configure:22940: result: /usr/local/lib/x86_64-linux-gnu/perl/5.22.1
configure:22948: checking for architecture dependent Perl extension vendor target directory
configure:22953: result: /usr/lib/x86_64-linux-gnu/perl5/5.22
configure:22961: checking for architecture independent Perl extension site target directory
configure:22966: result: /usr/local/share/perl/5.22.1
configure:22974: checking for architecture independent Perl extension vendor target directory
configure:22979: result: /usr/share/perl5
configure:22987: checking for Perl extensions C preprocessor flags
configure:22992: result: -D_REENTRANT -D_GNU_SOURCE -DDEBIAN -fwrapv -fno-strict-aliasing -pipe -I/usr/local/include
configure:23000: checking for Perl extensions linker flags
configure:23013: result: -shared -L/usr/local/lib -fstack-protector-strong
configure:23021: checking for Perl dynamic library extension
configure:23026: result: .so
configure:23112: checking for ./interfaces/Python/Makefile.am
configure:23115: result: yes
configure:23151: checking for ./interfaces/Python/RNA_wrap.cpp
configure:23154: result: yes
configure:23166: checking for ./interfaces/Python/RNA.py
configure:23169: result: yes
configure:23198: checking for python2
configure:23216: found /usr/bin/python2
configure:23228: result: /usr/bin/python2
configure:23246: checking for Python2 include path
configure:23251: result: /usr/include/python2.7
configure:23255: checking for /usr/include/python2.7/Python.h
configure:23259: result: yes
configure:23262: checking for Python2 ldflags
configure:23275: result: 
configure:23278: checking for Python2 extension linker
configure:23283: result: x86_64-linux-gnu-gcc -pthread -shared -Wl,-O1 -Wl,-Bsymbolic-functions -Wl,-Bsymbolic-functions -Wl,-z,relro -fno-strict-aliasing -DNDEBUG -g -fwrapv -O2 -Wall -Wstrict-prototypes -Wdate-time -D_FORTIFY_SOURCE=2 -g -fstack-protector-strong -Wformat -Werror=format-security  
configure:23286: checking for directory to install Python2 scripts in
configure:23295: result: ${prefix}/lib/python2.7/site-packages
configure:23299: checking for directory to install architecture dependent python2 things in
configure:23307: result: ${exec_prefix}/lib/python2.7/site-packages
configure:23311: checking for Python2 module extension
configure:23316: result: .so
configure:23405: checking for ./interfaces/Python3/Makefile.am
configure:23408: result: yes
configure:23444: checking for ./interfaces/Python3/RNA_wrap.cpp
configure:23447: result: yes
configure:23459: checking for ./interfaces/Python3/RNA.py
configure:23462: result: yes
configure:23491: checking for python3
configure:23509: found /usr/bin/python3
configure:23521: result: /usr/bin/python3
configure:23539: checking for Python3 include path
configure:23544: result: /usr/include/python3.5m
configure:23548: checking for /usr/include/python3.5m/Python.h
configure:23552: result: yes
configure:23555: checking for Python3 ldflags
configure:23568: result: 
configure:23571: checking for Python3 extension linker
configure:23576: result: x86_64-linux-gnu-gcc -pthread -shared -Wl,-O1 -Wl,-Bsymbolic-functions -Wl,-Bsymbolic-functions -Wl,-z,relro
configure:23579: checking for directory to install Python3 scripts in
configure:23588: result: ${prefix}/lib/python3.5/site-packages
configure:23592: checking for directory to install architecture dependent python3 things in
configure:23600: result: ${exec_prefix}/lib/python3.5/site-packages
configure:23604: checking for Python3 module extension
configure:23609: result: .cpython-35m-x86_64-linux-gnu.so
configure:23612: checking for Python3 tag for cached compiled scripts
configure:23617: result: cpython-35
configure:23620: checking for Python3 extension of cached and optimized bytecode
configure:23626: result: cpython-35.opt-1.pyc
configure:23841: checking for doxygen
configure:23872: result: no
configure:23882: checking for pdflatex
configure:23913: result: no
configure:23923: checking for latex
configure:23954: result: no
configure:23964: checking for dvipdf
configure:23982: found /usr/bin/dvipdf
configure:23995: result: /usr/bin/dvipdf
configure:24005: checking for bibtex
configure:24036: result: no
configure:24046: checking for makeindex
configure:24077: result: no
configure:24087: checking for dot
configure:24118: result: no
configure:24128: checking for egrep
configure:24146: found /bin/egrep
configure:24159: result: /bin/egrep
configure:24169: checking for perl
configure:24187: found /usr/bin/perl
configure:24200: result: /usr/bin/perl
configure:24363: checking for doc/RNAlib-2.4.9.pdf
configure:24366: result: yes
configure:24382: checking for doc/html/index.html
configure:24385: result: yes
configure:24641: checking for pdflatex
configure:24672: result: no
configure:24682: checking for latex
configure:24713: result: no
configure:24723: checking for dvipdf
configure:24754: result: /usr/bin/dvipdf
configure:24764: checking for htlatex
configure:24795: result: no
configure:24824: WARNING: neither latex or pdflatex exists on your system!
configure:24826: WARNING: deactivating automatic (re)generation of tutorial!
configure:24854: checking for RNA-Tutorial/RNA-tutorial-2.4.9.pdf
configure:24857: result: yes
configure:25134: checking for CHECK
configure:25141: $PKG_CONFIG --exists --print-errors "check >= 0.9.4"
Package check was not found in the pkg-config search path.
Perhaps you should add the directory containing `check.pc'
to the PKG_CONFIG_PATH environment variable
No package 'check' found
configure:25144: $? = 1
configure:25158: $PKG_CONFIG --exists --print-errors "check >= 0.9.4"
Package check was not found in the pkg-config search path.
Perhaps you should add the directory containing `check.pc'
to the PKG_CONFIG_PATH environment variable
No package 'check' found
configure:25161: $? = 1
configure:25175: result: no
No package 'check' found
configure:25192: WARNING: check not found -- will not build C-library Unit tests
configure:25233: checking for diff
configure:25251: found /usr/bin/diff
configure:25263: result: /usr/bin/diff
configure:25395: checking for xxd
configure:25413: found /usr/bin/xxd
configure:25426: result: /usr/bin/xxd
configure:25447: checking for gengetopt
configure:25478: result: no
configure:25499: checking for help2man
configure:25530: result: no
configure:25656: checking for ./src/Kinfold/Makefile.am
configure:25659: result: yes
configure:25723: checking for ./src/RNAforester/Makefile.am
configure:25726: result: yes
configure:25929: checking for ./src/RNAlocmin/Makefile.am
configure:25932: result: yes
configure:26123: checking that generated files are newer than configure
configure:26129: result: done
configure:26292: creating ./config.status

## ---------------------- ##
## Running config.status. ##
## ---------------------- ##

This file was extended by ViennaRNA config.status 2.4.9, which was
generated by GNU Autoconf 2.69.  Invocation command line was

  CONFIG_FILES    = 
  CONFIG_HEADERS  = 
  CONFIG_LINKS    = 
  CONFIG_COMMANDS = 
  $ ./config.status 

on ip-172-31-25-178

config.status:1480: creating packaging/macosx/Makefile
config.status:1480: creating packaging/macosx/Distribution.xml
config.status:1480: creating packaging/macosx/resources/welcome.txt
config.status:1480: creating interfaces/Perl/Makefile
config.status:1480: creating interfaces/Perl/version.i
config.status:1480: creating interfaces/Python/Makefile
config.status:1480: creating interfaces/Python/version.i
config.status:1480: creating interfaces/Python3/Makefile
config.status:1480: creating interfaces/Python3/version.i
config.status:1480: creating tests/Makefile
config.status:1480: creating tests/RNApath.py
config.status:1480: creating tests/RNAHelpers.pm
config.status:1480: creating tests/test-env.sh
config.status:1480: creating src/ViennaRNA/static/templates_postscript.h
config.status:1480: creating src/ViennaRNA/vrna_config.h
config.status:1480: creating misc/Makefile
config.status:1480: creating interfaces/Makefile
config.status:1480: creating Makefile
config.status:1480: creating RNAlib2.pc
config.status:1480: creating src/Utils/Makefile
config.status:1480: creating src/bin/Makefile
config.status:1480: creating src/Makefile
config.status:1480: creating src/ViennaRNA/Makefile
config.status:1480: creating src/ViennaRNA/static/Makefile
config.status:1480: creating man/Makefile
config.status:1480: creating doc/Makefile
config.status:1480: creating RNA-Tutorial/Makefile
config.status:1480: creating man/cmdlopt.sh
config.status:1480: creating packaging/viennarna.spec
config.status:1480: creating packaging/PKGBUILD
config.status:1480: creating packaging/win_installer_archlinux_i686.nsi
config.status:1480: creating packaging/win_installer_archlinux_x86_64.nsi
config.status:1480: creating packaging/win_installer_fedora_i686.nsi
config.status:1480: creating packaging/win_installer_fedora_x86_64.nsi
config.status:1480: creating config.h
config.status:1661: config.h is unchanged
config.status:1709: executing depfiles commands
config.status:1709: executing libtool commands
configure:28803: === configuring in src/Kinfold (/home/ubuntu/lab5/ViennaRNA-2.4.9/src/Kinfold)
configure:28866: running /bin/bash ./configure --disable-option-checking '--prefix=/usr/local'  'CC=gcc' 'CXX=g++' 'CFLAGS=-g -O2' 'CXXFLAGS=-g -O2' 'AR=gcc-ar' 'RANLIB=gcc-ranlib' 'NM=gcc-nm' 'VRNA_CFLAGS=-I$(top_srcdir)/../../src/ViennaRNA -I$(top_srcdir)/../../src' 'VRNA_LIBS=-fno-strict-aliasing -flto -L$(top_builddir)/../../src/ViennaRNA -lRNA -fopenmp' --cache-file=/dev/null --srcdir=.
configure:28803: === configuring in src/RNAforester (/home/ubuntu/lab5/ViennaRNA-2.4.9/src/RNAforester)
configure:28866: running /bin/bash ./configure --disable-option-checking '--prefix=/usr/local'  'CC=gcc' 'CXX=g++' 'CFLAGS=-g -O2' 'CXXFLAGS=-g -O2' 'AR=gcc-ar' 'RANLIB=gcc-ranlib' 'NM=gcc-nm' 'VRNA_CFLAGS=-I$(top_srcdir)/../../src/ViennaRNA -I$(top_srcdir)/../../src' 'VRNA_LIBS=-fno-strict-aliasing -flto -L$(top_builddir)/../../src/ViennaRNA -lRNA -fopenmp' --cache-file=/dev/null --srcdir=.
configure:28803: === configuring in src/RNAlocmin (/home/ubuntu/lab5/ViennaRNA-2.4.9/src/RNAlocmin)
configure:28866: running /bin/bash ./configure --disable-option-checking '--prefix=/usr/local'  'CC=gcc' 'CXX=g++' 'CFLAGS=-g -O2' 'CXXFLAGS=-g -O2' 'AR=gcc-ar' 'RANLIB=gcc-ranlib' 'NM=gcc-nm' 'VRNA_CFLAGS=-I$(top_srcdir)/../../src/ViennaRNA -I$(top_srcdir)/../../src' 'VRNA_LIBS=-fno-strict-aliasing -flto -L$(top_builddir)/../../src/ViennaRNA -lRNA -fopenmp' --cache-file=/dev/null --srcdir=.
configure:29491:

======================================
    ViennaRNA Package 2.4.9
======================================

Sub Packages
------------
  * Kinfold                   : yes
  * RNAforester               : yes
  * Analyse{Dists,Seqs}       : no
  * RNAlocmin                 : yes
  * Kinwalker                 : no

Extra Libraries
---------------
  * Support Vector Machine    : yes
  * GNU Scientific Library    : no
  * JSON                      : yes

Features
--------
  * Boustrophedon             : yes
  * C11 features              : yes
  * TTY colors                : yes
  * Float Precision(PF}       : no
  * Deprecation Warnings      : no

Optimizations
-------------
  * Streaming SIMD Extension  : no
  * Link Time Optimization    : yes
  * POSIX Threads             : yes
  * OpenMP                    : yes

Scripting Language Interfaces
-----------------------------
  * Perl 5                    : yes
  * Python 2                  : yes
  * Python 3                  : yes

Documentation
-------------
  * Reference Manual (PDF)    : yes
  * Reference Manual (HTML)   : yes
  * Tutorial (PDF)            : yes
  * Tutorial (HTML)           : no

Unit Tests
----------
  * Executable Programs       : yes
  * C-Library                 : no
  * Perl 5 Interface          : yes
  * Python 2 Interface        : yes
  * Python 3 Interface        : yes

MacOS X
-------
  * Universal Binary          : no
  * Installer                 : no
  * SDK                       : custom

Install Directories
-------------------
  * Executables               : /usr/local/bin
  * Libraries                 : /usr/local/lib
  * Header files              : /usr/local/include
  * Extra Data                : /usr/local/share
  * Man pages                 : /usr/local/share/man
  * Documentation             : /usr/local/share/doc/ViennaRNA
      (HTML)                  : /usr/local/share/doc/ViennaRNA/html
      (PDF)                   : /usr/local/share/doc/ViennaRNA
  * Perl5 Interface           : 
      (binaries)              : /usr/local/lib/x86_64-linux-gnu/perl/5.22.1
      (scripts)               : /usr/local/share/perl/5.22.1
  * Python2 Interface         : 
      (binaries)              : /usr/local/lib/python2.7/site-packages
      (scripts)               : /usr/local/lib/python2.7/site-packages
  * Python3 Interface         : 
      (binaries)              : /usr/local/lib/python3.5/site-packages
      (scripts)               : /usr/local/lib/python3.5/site-packages

You can run 'make', 'make check' and 'make install' now!


## ---------------- ##
## Cache variables. ##
## ---------------- ##

ac_cv_build=x86_64-unknown-linux-gnu
ac_cv_c_compiler_gnu=yes
ac_cv_c_const=yes
ac_cv_c_inline=inline
ac_cv_cxx_compiler_gnu=yes
ac_cv_env_CCC_set=
ac_cv_env_CCC_value=
ac_cv_env_CC_set=
ac_cv_env_CC_value=
ac_cv_env_CFLAGS_set=
ac_cv_env_CFLAGS_value=
ac_cv_env_CHECK_CFLAGS_set=
ac_cv_env_CHECK_CFLAGS_value=
ac_cv_env_CHECK_LIBS_set=
ac_cv_env_CHECK_LIBS_value=
ac_cv_env_CPPFLAGS_set=
ac_cv_env_CPPFLAGS_value=
ac_cv_env_CPP_set=
ac_cv_env_CPP_value=
ac_cv_env_CXXCPP_set=
ac_cv_env_CXXCPP_value=
ac_cv_env_CXXFLAGS_set=
ac_cv_env_CXXFLAGS_value=
ac_cv_env_CXX_set=
ac_cv_env_CXX_value=
ac_cv_env_DIFF_set=
ac_cv_env_DIFF_value=
ac_cv_env_GENGETOPT_set=
ac_cv_env_GENGETOPT_value=
ac_cv_env_HELP2MAN_set=
ac_cv_env_HELP2MAN_value=
ac_cv_env_LDFLAGS_set=
ac_cv_env_LDFLAGS_value=
ac_cv_env_LIBS_set=
ac_cv_env_LIBS_value=
ac_cv_env_LT_SYS_LIBRARY_PATH_set=
ac_cv_env_LT_SYS_LIBRARY_PATH_value=
ac_cv_env_PERL_EXT_CPPFLAGS_set=
ac_cv_env_PERL_EXT_CPPFLAGS_value=
ac_cv_env_PERL_EXT_INC_set=
ac_cv_env_PERL_EXT_INC_value=
ac_cv_env_PERL_EXT_LDFLAGS_set=
ac_cv_env_PERL_EXT_LDFLAGS_value=
ac_cv_env_PERL_EXT_LIB_set=
ac_cv_env_PERL_EXT_LIB_value=
ac_cv_env_PERL_EXT_PREFIX_set=
ac_cv_env_PERL_EXT_PREFIX_value=
ac_cv_env_PERL_EXT_SITEARCH_set=
ac_cv_env_PERL_EXT_SITEARCH_value=
ac_cv_env_PERL_EXT_SITELIB_set=
ac_cv_env_PERL_EXT_SITELIB_value=
ac_cv_env_PERL_EXT_SITEPREFIX_set=
ac_cv_env_PERL_EXT_SITEPREFIX_value=
ac_cv_env_PERL_EXT_VENDORARCH_set=
ac_cv_env_PERL_EXT_VENDORARCH_value=
ac_cv_env_PERL_EXT_VENDORLIB_set=
ac_cv_env_PERL_EXT_VENDORLIB_value=
ac_cv_env_PERL_EXT_VENDORPREFIX_set=
ac_cv_env_PERL_EXT_VENDORPREFIX_value=
ac_cv_env_PERL_SO_set=
ac_cv_env_PERL_SO_value=
ac_cv_env_PERL_set=
ac_cv_env_PERL_value=
ac_cv_env_PKG_CONFIG_LIBDIR_set=
ac_cv_env_PKG_CONFIG_LIBDIR_value=
ac_cv_env_PKG_CONFIG_PATH_set=
ac_cv_env_PKG_CONFIG_PATH_value=
ac_cv_env_PKG_CONFIG_set=
ac_cv_env_PKG_CONFIG_value=
ac_cv_env_PYTHON2_DIR_set=
ac_cv_env_PYTHON2_DIR_value=
ac_cv_env_PYTHON2_EXECDIR_set=
ac_cv_env_PYTHON2_EXECDIR_value=
ac_cv_env_PYTHON2_set=
ac_cv_env_PYTHON2_value=
ac_cv_env_PYTHON3_DIR_set=
ac_cv_env_PYTHON3_DIR_value=
ac_cv_env_PYTHON3_EXECDIR_set=
ac_cv_env_PYTHON3_EXECDIR_value=
ac_cv_env_PYTHON3_set=
ac_cv_env_PYTHON3_value=
ac_cv_env_USER_AR_set=
ac_cv_env_USER_AR_value=
ac_cv_env_USER_NM_set=
ac_cv_env_USER_NM_value=
ac_cv_env_USER_RANLIB_set=
ac_cv_env_USER_RANLIB_value=
ac_cv_env_XXD_set=
ac_cv_env_XXD_value=
ac_cv_env_build_alias_set=
ac_cv_env_build_alias_value=
ac_cv_env_host_alias_set=
ac_cv_env_host_alias_value=
ac_cv_env_target_alias_set=
ac_cv_env_target_alias_value=
ac_cv_func_asprintf=yes
ac_cv_func_erand48=yes
ac_cv_func_floor=yes
ac_cv_func_malloc_0_nonnull=yes
ac_cv_func_memmove=yes
ac_cv_func_memset=yes
ac_cv_func_pow=yes
ac_cv_func_realloc_0_nonnull=yes
ac_cv_func_rint=yes
ac_cv_func_sqrt=yes
ac_cv_func_strchr=yes
ac_cv_func_strdup=yes
ac_cv_func_strrchr=yes
ac_cv_func_strstr=yes
ac_cv_func_strtod=yes
ac_cv_func_strtol=yes
ac_cv_func_strtoul=yes
ac_cv_func_vasprintf=yes
ac_cv_header_dlfcn_h=yes
ac_cv_header_float_h=yes
ac_cv_header_inttypes_h=yes
ac_cv_header_limits_h=yes
ac_cv_header_malloc_h=yes
ac_cv_header_math_h=yes
ac_cv_header_memory_h=yes
ac_cv_header_minix_config_h=no
ac_cv_header_stdarg_h=yes
ac_cv_header_stdbool_h=yes
ac_cv_header_stdc=yes
ac_cv_header_stdint_h=yes
ac_cv_header_stdlib_h=yes
ac_cv_header_string_h=yes
ac_cv_header_strings_h=yes
ac_cv_header_sys_stat_h=yes
ac_cv_header_sys_types_h=yes
ac_cv_header_unistd_h=yes
ac_cv_host=x86_64-unknown-linux-gnu
ac_cv_lib_gsl_gsl_blas_dgemm=no
ac_cv_lib_gslcblas_cblas_dgemm=no
ac_cv_lib_m_exp=yes
ac_cv_objext=o
ac_cv_path_DIFF=/usr/bin/diff
ac_cv_path_EGREP='/bin/grep -E'
ac_cv_path_FGREP='/bin/grep -F'
ac_cv_path_GENGETOPT=no
ac_cv_path_GREP=/bin/grep
ac_cv_path_HELP2MAN=no
ac_cv_path_PERL=/usr/bin/perl
ac_cv_path_PYTHON2=/usr/bin/python2
ac_cv_path_PYTHON3=/usr/bin/python3
ac_cv_path_SED=/bin/sed
ac_cv_path_XXD=/usr/bin/xxd
ac_cv_path_ac_pt_PKG_CONFIG=/usr/bin/pkg-config
ac_cv_path_bibtex=no
ac_cv_path_dot=no
ac_cv_path_doxygen=no
ac_cv_path_dvipdf=/usr/bin/dvipdf
ac_cv_path_egrep=/bin/egrep
ac_cv_path_htlatex=no
ac_cv_path_install='/usr/bin/install -c'
ac_cv_path_latex=no
ac_cv_path_lt_DD=/bin/dd
ac_cv_path_makeindex=no
ac_cv_path_mkdir=/bin/mkdir
ac_cv_path_pdflatex=no
ac_cv_path_perl=/usr/bin/perl
ac_cv_prog_AWK=gawk
ac_cv_prog_CPP='gcc -E'
ac_cv_prog_CXXCPP='g++ -E'
ac_cv_prog_ac_ct_AR=ar
ac_cv_prog_ac_ct_CC=gcc
ac_cv_prog_ac_ct_CXX=g++
ac_cv_prog_ac_ct_MANIFEST_TOOL=mt
ac_cv_prog_ac_ct_OBJDUMP=objdump
ac_cv_prog_ac_ct_OUR_AR=gcc-ar
ac_cv_prog_ac_ct_OUR_NM=gcc-nm
ac_cv_prog_ac_ct_OUR_RANLIB=gcc-ranlib
ac_cv_prog_ac_ct_RANLIB=ranlib
ac_cv_prog_ac_ct_STRIP=strip
ac_cv_prog_cc_c89=
ac_cv_prog_cc_c99=
ac_cv_prog_cc_g=yes
ac_cv_prog_cxx_g=yes
ac_cv_prog_make_make_set=yes
ac_cv_safe_to_define___extensions__=yes
ac_cv_type__Bool=yes
ac_cv_type_size_t=yes
am_cv_CC_dependencies_compiler_type=gcc3
am_cv_CXX_dependencies_compiler_type=gcc3
am_cv_ar_interface=ar
am_cv_make_support_nested_variables=yes
am_cv_prog_cc_c_o=yes
ax_cv_PTHREAD_CLANG=no
ax_cv_PTHREAD_JOINABLE_ATTR=PTHREAD_CREATE_JOINABLE
ax_cv_PTHREAD_PRIO_INHERIT=yes
ax_cv_PTHREAD_SPECIAL_FLAGS=no
ax_cv_c_compiler_vendor=gnu
ax_cv_c_openmp=-fopenmp
ax_cv_check_cflags___ffat_lto_objects=yes
ax_cv_check_cflags___flto=yes
ax_cv_check_cflags___fno_strict_aliasing=yes
ax_cv_check_cxxflags___ffat_lto_objects=yes
ax_cv_check_cxxflags___flto=yes
ax_cv_check_cxxflags___fno_strict_aliasing=yes
ax_cv_check_ldflags___fno_strict_aliasing=yes
ax_cv_cxx_openmp=-fopenmp
lt_cv_ar_at_file=@
lt_cv_archive_cmds_need_lc=no
lt_cv_deplibs_check_method=pass_all
lt_cv_file_magic_cmd='$MAGIC_CMD'
lt_cv_file_magic_test_file=
lt_cv_ld_reload_flag=-r
lt_cv_nm_interface='BSD nm'
lt_cv_objdir=.libs
lt_cv_path_LD=/usr/bin/ld
lt_cv_path_LDCXX='/usr/bin/ld -m elf_x86_64'
lt_cv_path_NM='/usr/bin/nm -B'
lt_cv_path_mainfest_tool=no
lt_cv_prog_compiler_c_o=yes
lt_cv_prog_compiler_c_o_CXX=yes
lt_cv_prog_compiler_pic='-fPIC -DPIC'
lt_cv_prog_compiler_pic_CXX='-fPIC -DPIC'
lt_cv_prog_compiler_pic_works=yes
lt_cv_prog_compiler_pic_works_CXX=yes
lt_cv_prog_compiler_rtti_exceptions=no
lt_cv_prog_compiler_static_works=yes
lt_cv_prog_compiler_static_works_CXX=yes
lt_cv_prog_gnu_ld=yes
lt_cv_prog_gnu_ldcxx=yes
lt_cv_sharedlib_from_linklib_cmd='printf %s\n'
lt_cv_shlibpath_overrides_runpath=no
lt_cv_sys_global_symbol_pipe='sed -n -e '\''s/^.*[	 ]\([ABCDGIRSTW][ABCDGIRSTW]*\)[	 ][	 ]*\([_A-Za-z][_A-Za-z0-9]*\)$/\1 \2 \2/p'\'' | sed '\''/ __gnu_lto/d'\'''
lt_cv_sys_global_symbol_to_c_name_address='sed -n -e '\''s/^: \(.*\) .*$/  {"\1", (void *) 0},/p'\'' -e '\''s/^[ABCDGIRSTW][ABCDGIRSTW]* .* \(.*\)$/  {"\1", (void *) \&\1},/p'\'''
lt_cv_sys_global_symbol_to_c_name_address_lib_prefix='sed -n -e '\''s/^: \(.*\) .*$/  {"\1", (void *) 0},/p'\'' -e '\''s/^[ABCDGIRSTW][ABCDGIRSTW]* .* \(lib.*\)$/  {"\1", (void *) \&\1},/p'\'' -e '\''s/^[ABCDGIRSTW][ABCDGIRSTW]* .* \(.*\)$/  {"lib\1", (void *) \&\1},/p'\'''
lt_cv_sys_global_symbol_to_cdecl='sed -n -e '\''s/^T .* \(.*\)$/extern int \1();/p'\'' -e '\''s/^[ABCDGIRSTW][ABCDGIRSTW]* .* \(.*\)$/extern char \1;/p'\'''
lt_cv_sys_global_symbol_to_import=
lt_cv_sys_max_cmd_len=1572864
lt_cv_to_host_file_cmd=func_convert_file_noop
lt_cv_to_tool_file_cmd=func_convert_file_noop
lt_cv_truncate_bin='/bin/dd bs=4096 count=1'

## ----------------- ##
## Output variables. ##
## ----------------- ##









#include "postscript/aln_macro_base.hex"
#include "postscript/dot_plot_macro_base.hex"
#include "postscript/dot_plot_macro_linear_data.hex"
#include "postscript/dot_plot_macro_sc_motifs.hex"
#include "postscript/dot_plot_macro_sd.hex"
#include "postscript/dot_plot_macro_turn.hex"
#include "postscript/dot_plot_macro_ud.hex"
#include "postscript/structure_plot_macro_base.hex"
#include "postscript/structure_plot_macro_extras.hex"
'
ACLOCAL='${SHELL} /home/ubuntu/lab5/ViennaRNA-2.4.9/config/missing aclocal-1.15'
AMDEPBACKSLASH='\'
AMDEP_FALSE='#'
AMDEP_TRUE=''
AMTAR='$${TAR-tar}'
AM_BACKSLASH='\'
AM_CFLAGS=''
AM_CPPFLAGS=''
AM_CXXFLAGS=''
AM_DEFAULT_V='$(AM_DEFAULT_VERBOSITY)'
AM_DEFAULT_VERBOSITY='0'
AM_LDFLAGS=''
AM_V='$(V)'
AR='gcc-ar'
AUTOCONF='${SHELL} /home/ubuntu/lab5/ViennaRNA-2.4.9/config/missing autoconf'
AUTOHEADER='${SHELL} /home/ubuntu/lab5/ViennaRNA-2.4.9/config/missing autoheader'
AUTOMAKE='${SHELL} /home/ubuntu/lab5/ViennaRNA-2.4.9/config/missing automake-1.15'
AWK='gawk'
CC='gcc'
CCDEPMODE='depmode=gcc3'
CFLAGS='-g -O2'
CHECK_CFLAGS=''
CHECK_LIBS=''
CLUSTER_DIR=''
CONFIG_BOUSTROPHEDON='#define VRNA_WITH_BOUSTROPHEDON'
CONFIG_DISABLE_C11_FEATURES=''
CONFIG_FLOAT_PF=''
CONFIG_GSL=''
CONFIG_JSON='#define VRNA_WITH_JSON_SUPPORT'
CONFIG_LTO='#define VRNA_WITH_LTO'
CONFIG_OPENMP='#define VRNA_WITH_OPENMP'
CONFIG_SSE_IMPLEMENTATION=''
CONFIG_SVM='#define VRNA_WITH_SVM'
CONFIG_TTY_COLORS=''
CPP='gcc -E'
CPPFLAGS=''
CXX='g++'
CXXCPP='g++ -E'
CXXDEPMODE='depmode=gcc3'
CXXFLAGS='-g -O2'
CYGPATH_W='echo'
DEFS='-DHAVE_CONFIG_H'
DEPDIR='.deps'
DEPRECATION_WARNING=''
DIFF='/usr/bin/diff'
DISABLE_C11_FEATURES=''
DLLTOOL='false'
DOXYGEN_CMD_BIBTEX=''
DOXYGEN_CMD_DVIPDF=''
DOXYGEN_CMD_LATEX=''
DOXYGEN_CMD_MAKEINDEX=''
DOXYGEN_CONF='doxygen.conf'
DOXYGEN_DOCDIR='doc'
DOXYGEN_GENERATE_HTML=''
DOXYGEN_GENERATE_LATEX=''
DOXYGEN_HAVE_DOT=''
DOXYGEN_PROJECT_NAME='RNAlib-2.4.9'
DOXYGEN_SRCDIR='.'
DOXYGEN_WITH_PDFLATEX=''
DSYMUTIL=''
DUMPBIN=''
ECHO_C=''
ECHO_N='-n'
ECHO_T=''
EGREP='/bin/grep -E'
EXEEXT=''
FGREP='/bin/grep -F'
FLOAT_PF_FLAG=''
GENGETOPT='no'
GREP='/bin/grep'
GSL_LIBS=''
HAS_SWIG_FALSE=''
HAS_SWIG_TRUE='#'
HDIUTIL=''
HELP2MAN='no'
INSTALL_DATA='${INSTALL} -m 644'
INSTALL_PROGRAM='${INSTALL}'
INSTALL_SCRIPT='${INSTALL}'
INSTALL_STRIP_PROGRAM='$(install_sh) -c -s'
ISODATE='2018-09-20'
LD='/usr/bin/ld -m elf_x86_64'
LDFLAGS=''
LIBGOMPFLAG='-fopenmp'
LIBOBJS=''
LIBS='-lm '
LIBSVM_DIR='libsvm-3.22'
LIBTOOL='$(SHELL) $(top_builddir)/libtool'
LIBTOOL_DEPS='config/ltmain.sh'
LIPO=''
LN_S='ln -s'
LTLIBOBJS=''
LTO_CFLAGS='-flto -ffat-lto-objects'
LTO_CXXFLAGS='-flto -ffat-lto-objects'
LTO_LDFLAGS='-flto'
LT_SYS_LIBRARY_PATH=''
MACOSX_INSTALLER=''
MAKEINFO='${SHELL} /home/ubuntu/lab5/ViennaRNA-2.4.9/config/missing makeinfo'
MAKE_CLUSTER_FALSE=''
MAKE_CLUSTER_TRUE='#'
MAKE_FORESTER_FALSE='#'
MAKE_FORESTER_TRUE=''
MAKE_KINFOLD_FALSE='#'
MAKE_KINFOLD_TRUE=''
MAKE_RNALOCMIN_FALSE='#'
MAKE_RNALOCMIN_TRUE=''
MANIFEST_TOOL=':'
MKDIR_P='/bin/mkdir -p'
NM='gcc-nm'
NMEDIT=''
OBJDUMP='objdump'
OBJEXT='o'
OPENMP_CFLAGS='-fopenmp'
OPENMP_CXXFLAGS='-fopenmp'
OTOOL64=''
OTOOL=''
OUR_AR='gcc-ar'
OUR_NM='gcc-nm'
OUR_RANLIB='gcc-ranlib'
PACKAGE='ViennaRNA'
PACKAGE_BUGREPORT='rna@tbi.univie.ac.at'
PACKAGE_NAME='ViennaRNA'
PACKAGE_STRING='ViennaRNA 2.4.9'
PACKAGE_TARNAME='ViennaRNA'
PACKAGE_URL='http://www.tbi.univie.ac.at/RNA'
PACKAGE_VERSION='2.4.9'
PATH_SEPARATOR=':'
PERL='/usr/bin/perl'
PERL_ARCH_RELATIVE_INSTALL_DIR='/lib/x86_64-linux-gnu/perl/5.22.1'
PERL_EXT_CPPFLAGS='-D_REENTRANT -D_GNU_SOURCE -DDEBIAN -fwrapv -fno-strict-aliasing -pipe -I/usr/local/include'
PERL_EXT_INC='/usr/lib/x86_64-linux-gnu/perl/5.22/CORE'
PERL_EXT_LDFLAGS='-shared -L/usr/local/lib -fstack-protector-strong'
PERL_EXT_LIB='/usr/local/lib/x86_64-linux-gnu/perl/5.22.1'
PERL_EXT_PREFIX='/usr'
PERL_EXT_SITEARCH='/usr/local/lib/x86_64-linux-gnu/perl/5.22.1'
PERL_EXT_SITELIB='/usr/local/share/perl/5.22.1'
PERL_EXT_SITEPREFIX='/usr/local'
PERL_EXT_VENDORARCH='/usr/lib/x86_64-linux-gnu/perl5/5.22'
PERL_EXT_VENDORLIB='/usr/share/perl5'
PERL_EXT_VENDORPREFIX='/usr'
PERL_INTERFACE='Perl'
PERL_LIB_RELATIVE_INSTALL_DIR='/share/perl/5.22.1'
PERL_SO='.so'
PKGBUILD=''
PKGPYEXEC2DIR=''
PKGPYTHON2DIR=''
PKG_CONFIG='/usr/bin/pkg-config'
PKG_CONFIG_LIBDIR=''
PKG_CONFIG_PATH=''
POW_LIB=''
PRODUCTBUILD=''
PS_TEMPLATE_CONST='
PS_TEMPLATE_FILES='postscript/structure_plot_macro_base.ps postscript/structure_plot_macro_extras.ps postscript/dot_plot_macro_base.ps postscript/dot_plot_macro_turn.ps postscript/dot_plot_macro_sd.ps postscript/dot_plot_macro_ud.ps postscript/dot_plot_macro_sc_motifs.ps postscript/dot_plot_macro_linear_data.ps postscript/aln_macro_base.ps '
PS_TEMPLATE_FILES_HEX='postscript/structure_plot_macro_base.hex postscript/structure_plot_macro_extras.hex postscript/dot_plot_macro_base.hex postscript/dot_plot_macro_turn.hex postscript/dot_plot_macro_sd.hex postscript/dot_plot_macro_ud.hex postscript/dot_plot_macro_sc_motifs.hex postscript/dot_plot_macro_linear_data.hex postscript/aln_macro_base.hex '
PTHREAD_CC='gcc'
PTHREAD_CFLAGS='-pthread'
PTHREAD_LIBS=''
PYEXEC2DIR='${exec_prefix}/lib/python2.7/site-packages'
PYTHON2='/usr/bin/python2'
PYTHON2DIR='${prefix}/lib/python2.7/site-packages'
PYTHON2_DIR='${prefix}/lib/python2.7/site-packages'
PYTHON2_EXECDIR='${exec_prefix}/lib/python2.7/site-packages'
PYTHON2_INC='/usr/include/python2.7'
PYTHON2_INTERFACE='Python'
PYTHON2_LD='x86_64-linux-gnu-gcc -pthread -shared -Wl,-O1 -Wl,-Bsymbolic-functions -Wl,-Bsymbolic-functions -Wl,-z,relro -fno-strict-aliasing -DNDEBUG -g -fwrapv -O2 -Wall -Wstrict-prototypes -Wdate-time -D_FORTIFY_SOURCE=2 -g -fstack-protector-strong -Wformat -Werror=format-security  '
PYTHON2_LDFLAGS=''
PYTHON2_SO='.so'
PYTHON3='/usr/bin/python3'
PYTHON3_CACHE_OPT1_EXT='cpython-35.opt-1.pyc'
PYTHON3_CACHE_TAG='cpython-35'
PYTHON3_DIR='${prefix}/lib/python3.5/site-packages'
PYTHON3_EXECDIR='${exec_prefix}/lib/python3.5/site-packages'
PYTHON3_INC='/usr/include/python3.5m'
PYTHON3_INTERFACE='Python3'
PYTHON3_LD='x86_64-linux-gnu-gcc -pthread -shared -Wl,-O1 -Wl,-Bsymbolic-functions -Wl,-Bsymbolic-functions -Wl,-z,relro'
PYTHON3_LDFLAGS=''
PYTHON3_SO='.cpython-35m-x86_64-linux-gnu.so'
RANLIB='gcc-ranlib'
REFDOC_PREDEF_FLOAT_PF=''
REFDOC_PREDEF_JSON='VRNA_WITH_JSON_SUPPORT'
REFDOC_PREDEF_SVM='VRNA_WITH_SVM'
REFERENCE_MANUAL_PDF_NAME='RNAlib-2.4.9.pdf'
REFERENCE_MANUAL_TAGFILE='RNAlib-2.4.9.tag'
RNA_CFLAGS='-fno-strict-aliasing -flto -ffat-lto-objects -fopenmp'
RNA_CPPFLAGS=''
RNA_CXXFLAGS='-fno-strict-aliasing -flto -ffat-lto-objects -fopenmp'
RNA_LDFLAGS='-fno-strict-aliasing -flto'
SED='/bin/sed'
SET_MAKE=''
SHELL='/bin/bash'
SIMD_CFLAGS=''
STRIP='strip'
SWIG=''
SWIG_LIB=''
TUTORIAL_CMD_DVIPDF='/usr/bin/dvipdf'
TUTORIAL_CMD_HTLATEX=''
TUTORIAL_CMD_LATEX=''
TUTORIAL_DOCDIR='RNA-Tutorial'
TUTORIAL_PDF_NAME='RNA-tutorial-2.4.9.pdf'
TUTORIAL_PROJECT_NAME='RNA-tutorial-2.4.9'
TUTORIAL_SRCDIR='.'
USER_AR=''
USER_NM=''
USER_RANLIB=''
VERSION='2.4.9'
VRNA_AM_SWITCH_GSL_FALSE=''
VRNA_AM_SWITCH_GSL_TRUE='#'
VRNA_AM_SWITCH_HAS_GENGETOPT_FALSE=''
VRNA_AM_SWITCH_HAS_GENGETOPT_TRUE='#'
VRNA_AM_SWITCH_HAS_HELP2MAN_FALSE=''
VRNA_AM_SWITCH_HAS_HELP2MAN_TRUE='#'
VRNA_AM_SWITCH_HAS_XXD_FALSE='#'
VRNA_AM_SWITCH_HAS_XXD_TRUE=''
VRNA_AM_SWITCH_JSON_FALSE='#'
VRNA_AM_SWITCH_JSON_TRUE=''
VRNA_AM_SWITCH_LTO_FALSE='#'
VRNA_AM_SWITCH_LTO_TRUE=''
VRNA_AM_SWITCH_PTHREADS_FALSE='#'
VRNA_AM_SWITCH_PTHREADS_TRUE=''
VRNA_AM_SWITCH_STATIC_EXECUTABLES_FALSE=''
VRNA_AM_SWITCH_STATIC_EXECUTABLES_TRUE='#'
VRNA_AM_SWITCH_SVM_FALSE='#'
VRNA_AM_SWITCH_SVM_TRUE=''
VRNA_CFLAGS=' -I$(top_srcdir)/../../src/ViennaRNA -I$(top_srcdir)/../../src '
VRNA_LIBS=' -fno-strict-aliasing -flto -L$(top_builddir)/../../src/ViennaRNA -lRNA -fopenmp'
VRNA_VERSION_MAJOR='2'
VRNA_VERSION_MINOR='4'
VRNA_VERSION_PATCH='9'
WITH_CHECK_FALSE=''
WITH_CHECK_TRUE='#'
WITH_EXECUTABLE_TESTS_FALSE='#'
WITH_EXECUTABLE_TESTS_TRUE=''
WITH_MACOSX_INSTALLER_FALSE=''
WITH_MACOSX_INSTALLER_TRUE='#'
WITH_PERL_TESTS_FALSE='#'
WITH_PERL_TESTS_TRUE=''
WITH_PYTHON3_TESTS_FALSE='#'
WITH_PYTHON3_TESTS_TRUE=''
WITH_PYTHON_TESTS_FALSE='#'
WITH_PYTHON_TESTS_TRUE=''
WITH_REFERENCE_MANUAL_BUILD_FALSE=''
WITH_REFERENCE_MANUAL_BUILD_TRUE='#'
WITH_REFERENCE_MANUAL_FALSE='#'
WITH_REFERENCE_MANUAL_HTML_FALSE='#'
WITH_REFERENCE_MANUAL_HTML_TRUE=''
WITH_REFERENCE_MANUAL_PDFLATEX_FALSE=''
WITH_REFERENCE_MANUAL_PDFLATEX_TRUE='#'
WITH_REFERENCE_MANUAL_PDF_FALSE='#'
WITH_REFERENCE_MANUAL_PDF_TRUE=''
WITH_REFERENCE_MANUAL_TRUE=''
WITH_TUTORIAL_BUILD_FALSE=''
WITH_TUTORIAL_BUILD_TRUE='#'
WITH_TUTORIAL_FALSE='#'
WITH_TUTORIAL_HTML_FALSE=''
WITH_TUTORIAL_HTML_TRUE='#'
WITH_TUTORIAL_PDFLATEX_FALSE=''
WITH_TUTORIAL_PDFLATEX_TRUE='#'
WITH_TUTORIAL_PDF_FALSE='#'
WITH_TUTORIAL_PDF_TRUE=''
WITH_TUTORIAL_TRUE=''
WITH_UNIT_TESTS_FALSE='#'
WITH_UNIT_TESTS_TRUE=''
XXD='/usr/bin/xxd'
_latex_cmd=''
ac_ct_AR='ar'
ac_ct_CC='gcc'
ac_ct_CXX='g++'
ac_ct_DUMPBIN=''
am__EXEEXT_FALSE=''
am__EXEEXT_TRUE='#'
am__fastdepCC_FALSE='#'
am__fastdepCC_TRUE=''
am__fastdepCXX_FALSE='#'
am__fastdepCXX_TRUE=''
am__include='include'
am__isrc=''
am__leading_dot='.'
am__nodep='_no'
am__quote=''
am__tar='$${TAR-tar} chof - "$$tardir"'
am__untar='$${TAR-tar} xf -'
ax_pthread_config=''
bibtex='no'
bindir='${exec_prefix}/bin'
build='x86_64-unknown-linux-gnu'
build_alias=''
build_cpu='x86_64'
build_os='linux-gnu'
build_vendor='unknown'
datadir='${datarootdir}'
datarootdir='${prefix}/share'
docdir='${datarootdir}/doc/${PACKAGE_TARNAME}'
dot='no'
doxygen='no'
dvidir='${docdir}'
dvipdf='/usr/bin/dvipdf'
egrep='/bin/egrep'
exec_prefix='${prefix}'
host='x86_64-unknown-linux-gnu'
host_alias=''
host_cpu='x86_64'
host_os='linux-gnu'
host_vendor='unknown'
htlatex='no'
htmldir='${datarootdir}/doc/${PACKAGE_TARNAME}/html'
includedir='${prefix}/include'
infodir='${datarootdir}/info'
install_sh='${SHELL} /home/ubuntu/lab5/ViennaRNA-2.4.9/config/install-sh'
latex='no'
libdir='${exec_prefix}/lib'
libexecdir='${exec_prefix}/libexec'
localedir='${datarootdir}/locale'
localstatedir='${prefix}/var'
makeindex='no'
mandir='${datarootdir}/man'
mkdir_p='$(MKDIR_P)'
oldincludedir='/usr/include'
pdfdir='${docdir}'
pdflatex='no'
perl='/usr/bin/perl'
prefix='/usr/local'
program_transform_name='s,x,x,'
psdir='${docdir}'
py2execdir='${exec_prefix}/lib/python2.7/site-packages'
py3execdir='${exec_prefix}/lib/python3.5/site-packages'
python2dir='${prefix}/lib/python2.7/site-packages'
python3dir='${prefix}/lib/python3.5/site-packages'
sbindir='${exec_prefix}/sbin'
sharedstatedir='${prefix}/com'
static const char PS_aln_macro_base[] = {
static const char PS_dot_plot_macro_base[] = {
static const char PS_dot_plot_macro_linear_data[] = {
static const char PS_dot_plot_macro_sc_motifs[] = {
static const char PS_dot_plot_macro_sd[] = {
static const char PS_dot_plot_macro_turn[] = {
static const char PS_dot_plot_macro_ud[] = {
static const char PS_structure_plot_macro_base[] = {
static const char PS_structure_plot_macro_extras[] = {
subdirs=' src/Kinfold src/RNAforester src/RNAlocmin'
sysconfdir='${prefix}/etc'
target_alias=''
};
};
};
};
};
};
};
};
};

## ----------- ##
## confdefs.h. ##
## ----------- ##

/* confdefs.h */
#define PACKAGE_NAME "ViennaRNA"
#define PACKAGE_TARNAME "ViennaRNA"
#define PACKAGE_VERSION "2.4.9"
#define PACKAGE_STRING "ViennaRNA 2.4.9"
#define PACKAGE_BUGREPORT "rna@tbi.univie.ac.at"
#define PACKAGE_URL "http://www.tbi.univie.ac.at/RNA"
#define STDC_HEADERS 1
#define HAVE_SYS_TYPES_H 1
#define HAVE_SYS_STAT_H 1
#define HAVE_STDLIB_H 1
#define HAVE_STRING_H 1
#define HAVE_MEMORY_H 1
#define HAVE_STRINGS_H 1
#define HAVE_INTTYPES_H 1
#define HAVE_STDINT_H 1
#define HAVE_UNISTD_H 1
#define __EXTENSIONS__ 1
#define _ALL_SOURCE 1
#define _GNU_SOURCE 1
#define _POSIX_PTHREAD_SEMANTICS 1
#define _TANDEM_SOURCE 1
#define PACKAGE "ViennaRNA"
#define VERSION "2.4.9"
#define UNUSED __attribute__ ((unused))
#define HAVE_DLFCN_H 1
#define LT_OBJDIR ".libs/"
#define HAVE_LIBM 1
#define STDC_HEADERS 1
#define HAVE__BOOL 1
#define HAVE_STDBOOL_H 1
#define HAVE_MALLOC_H 1
#define HAVE_FLOAT_H 1
#define HAVE_LIMITS_H 1
#define HAVE_STDLIB_H 1
#define HAVE_STRING_H 1
#define HAVE_STRINGS_H 1
#define HAVE_UNISTD_H 1
#define HAVE_MATH_H 1
#define HAVE_STDARG_H 1
#define HAVE_STDLIB_H 1
#define HAVE_MALLOC 1
#define HAVE_STDLIB_H 1
#define HAVE_REALLOC 1
#define HAVE_FLOOR 1
#define HAVE_STRDUP 1
#define HAVE_STRSTR 1
#define HAVE_STRCHR 1
#define HAVE_STRRCHR 1
#define HAVE_STRSTR 1
#define HAVE_STRTOL 1
#define HAVE_STRTOUL 1
#define HAVE_POW 1
#define HAVE_RINT 1
#define HAVE_SQRT 1
#define HAVE_ERAND48 1
#define HAVE_MEMSET 1
#define HAVE_MEMMOVE 1
#define HAVE_ERAND48 1
#define HAVE_ASPRINTF 1
#define HAVE_VASPRINTF 1
#define VRNA_WITH_SVM 1
#define VRNA_WITH_JSON_SUPPORT 1
#define HAVE_OPENMP 1
#define HAVE_OPENMP 1
#define HAVE_PTHREAD_PRIO_INHERIT 1
#define VRNA_WITH_PTHREADS 1
#define VRNA_WITH_BOUSTROPHEDON 1
#define WITH_PERL_INTERFACE 1
#define WITH_PYTHON2_INTERFACE 1
#define WITH_PYTHON3_INTERFACE 1

configure: exit 0
