This file contains any messages produced by compilers while
running configure, to aid debugging if configure makes a mistake.

It was created by RNAforester configure 2.0.1, which was
generated by GNU Autoconf 2.69.  Invocation command line was

  $ ./configure --disable-option-checking --prefix=/usr/local CC=gcc CXX=g++ CFLAGS=-g -O2 CXXFLAGS=-g -O2 AR=gcc-ar RANLIB=gcc-ranlib NM=gcc-nm VRNA_CFLAGS=-I$(top_srcdir)/../../src/ViennaRNA -I$(top_srcdir)/../../src VRNA_LIBS=-fno-strict-aliasing -flto -L$(top_builddir)/../../src/ViennaRNA -lRNA -fopenmp --cache-file=/dev/null --srcdir=.

## --------- ##
## Platform. ##
## --------- ##

hostname = ip-172-31-25-178
uname -m = x86_64
uname -r = 4.4.0-1066-aws
uname -s = Linux
uname -v = #76-Ubuntu SMP Thu Aug 16 16:21:21 UTC 2018

/usr/bin/uname -p = unknown
/bin/uname -X     = unknown

/bin/arch              = unknown
/usr/bin/arch -k       = unknown
/usr/convex/getsysinfo = unknown
/usr/bin/hostinfo      = unknown
/bin/machine           = unknown
/usr/bin/oslevel       = unknown
/bin/universe          = unknown

PATH: /home/ubuntu/bin
PATH: /home/ubuntu/.local/bin
PATH: /usr/local/sbin
PATH: /usr/local/bin
PATH: /usr/sbin
PATH: /usr/bin
PATH: /sbin
PATH: /bin
PATH: /usr/games
PATH: /usr/local/games
PATH: /snap/bin


## ----------- ##
## Core tests. ##
## ----------- ##

configure:2235: checking whether make supports nested variables
configure:2252: result: yes
configure:2308: checking for a BSD-compatible install
configure:2376: result: /usr/bin/install -c
configure:2387: checking whether build environment is sane
configure:2442: result: yes
configure:2593: checking for a thread-safe mkdir -p
configure:2632: result: /bin/mkdir -p
configure:2639: checking for gawk
configure:2655: found /usr/bin/gawk
configure:2666: result: gawk
configure:2677: checking whether make sets $(MAKE)
configure:2699: result: yes
configure:2948: checking for C++ compiler version
configure:2957: g++ --version >&5
g++ (Ubuntu 5.4.0-6ubuntu1~16.04.10) 5.4.0 20160609
Copyright (C) 2015 Free Software Foundation, Inc.
This is free software; see the source for copying conditions.  There is NO
warranty; not even for MERCHANTABILITY or FITNESS FOR A PARTICULAR PURPOSE.

configure:2968: $? = 0
configure:2957: g++ -v >&5
Using built-in specs.
COLLECT_GCC=g++
COLLECT_LTO_WRAPPER=/usr/lib/gcc/x86_64-linux-gnu/5/lto-wrapper
Target: x86_64-linux-gnu
Configured with: ../src/configure -v --with-pkgversion='Ubuntu 5.4.0-6ubuntu1~16.04.10' --with-bugurl=file:///usr/share/doc/gcc-5/README.Bugs --enable-languages=c,ada,c++,java,go,d,fortran,objc,obj-c++ --prefix=/usr --program-suffix=-5 --enable-shared --enable-linker-build-id --libexecdir=/usr/lib --without-included-gettext --enable-threads=posix --libdir=/usr/lib --enable-nls --with-sysroot=/ --enable-clocale=gnu --enable-libstdcxx-debug --enable-libstdcxx-time=yes --with-default-libstdcxx-abi=new --enable-gnu-unique-object --disable-vtable-verify --enable-libmpx --enable-plugin --with-system-zlib --disable-browser-plugin --enable-java-awt=gtk --enable-gtk-cairo --with-java-home=/usr/lib/jvm/java-1.5.0-gcj-5-amd64/jre --enable-java-home --with-jvm-root-dir=/usr/lib/jvm/java-1.5.0-gcj-5-amd64 --with-jvm-jar-dir=/usr/lib/jvm-exports/java-1.5.0-gcj-5-amd64 --with-arch-directory=amd64 --with-ecj-jar=/usr/share/java/eclipse-ecj.jar --enable-objc-gc --enable-multiarch --disable-werror --with-arch-32=i686 --with-abi=m64 --with-multilib-list=m32,m64,mx32 --enable-multilib --with-tune=generic --enable-checking=release --build=x86_64-linux-gnu --host=x86_64-linux-gnu --target=x86_64-linux-gnu
Thread model: posix
gcc version 5.4.0 20160609 (Ubuntu 5.4.0-6ubuntu1~16.04.10) 
configure:2968: $? = 0
configure:2957: g++ -V >&5
g++: error: unrecognized command line option '-V'
g++: fatal error: no input files
compilation terminated.
configure:2968: $? = 1
configure:2957: g++ -qversion >&5
g++: error: unrecognized command line option '-qversion'
g++: fatal error: no input files
compilation terminated.
configure:2968: $? = 1
configure:2988: checking whether the C++ compiler works
configure:3010: g++ -g -O2   conftest.cpp  >&5
configure:3014: $? = 0
configure:3062: result: yes
configure:3065: checking for C++ compiler default output file name
configure:3067: result: a.out
configure:3073: checking for suffix of executables
configure:3080: g++ -o conftest -g -O2   conftest.cpp  >&5
configure:3084: $? = 0
configure:3106: result: 
configure:3128: checking whether we are cross compiling
configure:3136: g++ -o conftest -g -O2   conftest.cpp  >&5
configure:3140: $? = 0
configure:3147: ./conftest
configure:3151: $? = 0
configure:3166: result: no
configure:3171: checking for suffix of object files
configure:3193: g++ -c -g -O2  conftest.cpp >&5
configure:3197: $? = 0
configure:3218: result: o
configure:3222: checking whether we are using the GNU C++ compiler
configure:3241: g++ -c -g -O2  conftest.cpp >&5
configure:3241: $? = 0
configure:3250: result: yes
configure:3259: checking whether g++ accepts -g
configure:3279: g++ -c -g  conftest.cpp >&5
configure:3279: $? = 0
configure:3320: result: yes
configure:3354: checking for style of include used by make
configure:3382: result: GNU
configure:3408: checking dependency style of g++
configure:3519: result: gcc3
configure:3582: checking for gcc
configure:3609: result: gcc
configure:3838: checking for C compiler version
configure:3847: gcc --version >&5
gcc (Ubuntu 5.4.0-6ubuntu1~16.04.10) 5.4.0 20160609
Copyright (C) 2015 Free Software Foundation, Inc.
This is free software; see the source for copying conditions.  There is NO
warranty; not even for MERCHANTABILITY or FITNESS FOR A PARTICULAR PURPOSE.

configure:3858: $? = 0
configure:3847: gcc -v >&5
Using built-in specs.
COLLECT_GCC=gcc
COLLECT_LTO_WRAPPER=/usr/lib/gcc/x86_64-linux-gnu/5/lto-wrapper
Target: x86_64-linux-gnu
Configured with: ../src/configure -v --with-pkgversion='Ubuntu 5.4.0-6ubuntu1~16.04.10' --with-bugurl=file:///usr/share/doc/gcc-5/README.Bugs --enable-languages=c,ada,c++,java,go,d,fortran,objc,obj-c++ --prefix=/usr --program-suffix=-5 --enable-shared --enable-linker-build-id --libexecdir=/usr/lib --without-included-gettext --enable-threads=posix --libdir=/usr/lib --enable-nls --with-sysroot=/ --enable-clocale=gnu --enable-libstdcxx-debug --enable-libstdcxx-time=yes --with-default-libstdcxx-abi=new --enable-gnu-unique-object --disable-vtable-verify --enable-libmpx --enable-plugin --with-system-zlib --disable-browser-plugin --enable-java-awt=gtk --enable-gtk-cairo --with-java-home=/usr/lib/jvm/java-1.5.0-gcj-5-amd64/jre --enable-java-home --with-jvm-root-dir=/usr/lib/jvm/java-1.5.0-gcj-5-amd64 --with-jvm-jar-dir=/usr/lib/jvm-exports/java-1.5.0-gcj-5-amd64 --with-arch-directory=amd64 --with-ecj-jar=/usr/share/java/eclipse-ecj.jar --enable-objc-gc --enable-multiarch --disable-werror --with-arch-32=i686 --with-abi=m64 --with-multilib-list=m32,m64,mx32 --enable-multilib --with-tune=generic --enable-checking=release --build=x86_64-linux-gnu --host=x86_64-linux-gnu --target=x86_64-linux-gnu
Thread model: posix
gcc version 5.4.0 20160609 (Ubuntu 5.4.0-6ubuntu1~16.04.10) 
configure:3858: $? = 0
configure:3847: gcc -V >&5
gcc: error: unrecognized command line option '-V'
gcc: fatal error: no input files
compilation terminated.
configure:3858: $? = 1
configure:3847: gcc -qversion >&5
gcc: error: unrecognized command line option '-qversion'
gcc: fatal error: no input files
compilation terminated.
configure:3858: $? = 1
configure:3862: checking whether we are using the GNU C compiler
configure:3881: gcc -c -g -O2  conftest.c >&5
configure:3881: $? = 0
configure:3890: result: yes
configure:3899: checking whether gcc accepts -g
configure:3919: gcc -c -g  conftest.c >&5
configure:3919: $? = 0
configure:3960: result: yes
configure:3977: checking for gcc option to accept ISO C89
configure:4040: gcc  -c -g -O2  conftest.c >&5
configure:4040: $? = 0
configure:4053: result: none needed
configure:4078: checking whether gcc understands -c and -o together
configure:4100: gcc -c conftest.c -o conftest2.o
configure:4103: $? = 0
configure:4100: gcc -c conftest.c -o conftest2.o
configure:4103: $? = 0
configure:4115: result: yes
configure:4134: checking dependency style of gcc
configure:4245: result: gcc3
configure:4271: checking for flex
configure:4301: result: no
configure:4271: checking for lex
configure:4301: result: no
configure:4433: checking for bison
configure:4463: result: no
configure:4433: checking for byacc
configure:4463: result: no
configure:4482: checking for g++ option to support OpenMP
configure:4497: g++ -o conftest -g -O2   conftest.cpp  >&5
conftest.cpp:13:2: error: 'choke' does not name a type
  choke me
  ^
In file included from conftest.cpp:15:0:
/usr/lib/gcc/x86_64-linux-gnu/5/include/omp.h:39:3: error: 'omp_lock_t' does not name a type
 } omp_lock_t;
   ^
/usr/lib/gcc/x86_64-linux-gnu/5/include/omp.h:91:28: error: variable or field 'omp_init_lock' declared void
 extern void omp_init_lock (omp_lock_t *) __GOMP_NOTHROW;
                            ^
/usr/lib/gcc/x86_64-linux-gnu/5/include/omp.h:91:28: error: 'omp_lock_t' was not declared in this scope
/usr/lib/gcc/x86_64-linux-gnu/5/include/omp.h:91:40: error: expected primary-expression before ')' token
 extern void omp_init_lock (omp_lock_t *) __GOMP_NOTHROW;
                                        ^
/usr/lib/gcc/x86_64-linux-gnu/5/include/omp.h:92:31: error: variable or field 'omp_destroy_lock' declared void
 extern void omp_destroy_lock (omp_lock_t *) __GOMP_NOTHROW;
                               ^
/usr/lib/gcc/x86_64-linux-gnu/5/include/omp.h:92:31: error: 'omp_lock_t' was not declared in this scope
/usr/lib/gcc/x86_64-linux-gnu/5/include/omp.h:92:43: error: expected primary-expression before ')' token
 extern void omp_destroy_lock (omp_lock_t *) __GOMP_NOTHROW;
                                           ^
/usr/lib/gcc/x86_64-linux-gnu/5/include/omp.h:93:27: error: variable or field 'omp_set_lock' declared void
 extern void omp_set_lock (omp_lock_t *) __GOMP_NOTHROW;
                           ^
/usr/lib/gcc/x86_64-linux-gnu/5/include/omp.h:93:27: error: 'omp_lock_t' was not declared in this scope
/usr/lib/gcc/x86_64-linux-gnu/5/include/omp.h:93:39: error: expected primary-expression before ')' token
 extern void omp_set_lock (omp_lock_t *) __GOMP_NOTHROW;
                                       ^
/usr/lib/gcc/x86_64-linux-gnu/5/include/omp.h:94:29: error: variable or field 'omp_unset_lock' declared void
 extern void omp_unset_lock (omp_lock_t *) __GOMP_NOTHROW;
                             ^
/usr/lib/gcc/x86_64-linux-gnu/5/include/omp.h:94:29: error: 'omp_lock_t' was not declared in this scope
/usr/lib/gcc/x86_64-linux-gnu/5/include/omp.h:94:41: error: expected primary-expression before ')' token
 extern void omp_unset_lock (omp_lock_t *) __GOMP_NOTHROW;
                                         ^
/usr/lib/gcc/x86_64-linux-gnu/5/include/omp.h:95:27: error: 'omp_lock_t' was not declared in this scope
 extern int omp_test_lock (omp_lock_t *) __GOMP_NOTHROW;
                           ^
/usr/lib/gcc/x86_64-linux-gnu/5/include/omp.h:95:39: error: expected primary-expression before ')' token
 extern int omp_test_lock (omp_lock_t *) __GOMP_NOTHROW;
                                       ^
/usr/lib/gcc/x86_64-linux-gnu/5/include/omp.h:95:41: error: expected ',' or ';' before 'throw'
 extern int omp_test_lock (omp_lock_t *) __GOMP_NOTHROW;
                                         ^
configure:4497: $? = 1
configure: failed program was:
| /* confdefs.h */
| #define PACKAGE_NAME "RNAforester"
| #define PACKAGE_TARNAME "RNAforester"
| #define PACKAGE_VERSION "2.0.1"
| #define PACKAGE_STRING "RNAforester 2.0.1"
| #define PACKAGE_BUGREPORT "sschirme@techfak.uni-bielefeld.de"
| #define PACKAGE_URL ""
| #define PACKAGE "RNAforester"
| #define VERSION "2.0.1"
| /* end confdefs.h.  */
| 
| #ifndef _OPENMP
|  choke me
| #endif
| #include <omp.h>
| int main () { return omp_get_num_threads (); }
| 
configure:4515: g++ -o conftest -g -O2 -fopenmp   conftest.cpp  >&5
configure:4515: $? = 0
configure:4529: result: -fopenmp
configure:4596: checking for pkg-config
configure:4614: found /usr/bin/pkg-config
configure:4626: result: /usr/bin/pkg-config
configure:4651: checking pkg-config is at least version 0.9.0
configure:4654: result: yes
configure:4664: checking for VRNA
configure:4749: result: yes
configure:4873: checking how to run the C++ preprocessor
configure:4900: g++ -E -Ig2-0.72/src/ -I$(top_srcdir)/../../src/ViennaRNA -I$(top_srcdir)/../../src   conftest.cpp
configure:4900: $? = 0
configure:4914: g++ -E -Ig2-0.72/src/ -I$(top_srcdir)/../../src/ViennaRNA -I$(top_srcdir)/../../src   conftest.cpp
conftest.cpp:12:28: fatal error: ac_nonexistent.h: No such file or directory
compilation terminated.
configure:4914: $? = 1
configure: failed program was:
| /* confdefs.h */
| #define PACKAGE_NAME "RNAforester"
| #define PACKAGE_TARNAME "RNAforester"
| #define PACKAGE_VERSION "2.0.1"
| #define PACKAGE_STRING "RNAforester 2.0.1"
| #define PACKAGE_BUGREPORT "sschirme@techfak.uni-bielefeld.de"
| #define PACKAGE_URL ""
| #define PACKAGE "RNAforester"
| #define VERSION "2.0.1"
| #define HAVE_LIBRNA /**/
| /* end confdefs.h.  */
| #include <ac_nonexistent.h>
configure:4939: result: g++ -E
configure:4959: g++ -E -Ig2-0.72/src/ -I$(top_srcdir)/../../src/ViennaRNA -I$(top_srcdir)/../../src   conftest.cpp
configure:4959: $? = 0
configure:4973: g++ -E -Ig2-0.72/src/ -I$(top_srcdir)/../../src/ViennaRNA -I$(top_srcdir)/../../src   conftest.cpp
conftest.cpp:12:28: fatal error: ac_nonexistent.h: No such file or directory
compilation terminated.
configure:4973: $? = 1
configure: failed program was:
| /* confdefs.h */
| #define PACKAGE_NAME "RNAforester"
| #define PACKAGE_TARNAME "RNAforester"
| #define PACKAGE_VERSION "2.0.1"
| #define PACKAGE_STRING "RNAforester 2.0.1"
| #define PACKAGE_BUGREPORT "sschirme@techfak.uni-bielefeld.de"
| #define PACKAGE_URL ""
| #define PACKAGE "RNAforester"
| #define VERSION "2.0.1"
| #define HAVE_LIBRNA /**/
| /* end confdefs.h.  */
| #include <ac_nonexistent.h>
configure:5002: checking for grep that handles long lines and -e
configure:5060: result: /bin/grep
configure:5065: checking for egrep
configure:5127: result: /bin/grep -E
configure:5132: checking for ANSI C header files
configure:5152: g++ -c -g -O2 -Ig2-0.72/src/ -I$(top_srcdir)/../../src/ViennaRNA -I$(top_srcdir)/../../src   conftest.cpp >&5
configure:5152: $? = 0
configure:5225: g++ -o conftest -g -O2 -Ig2-0.72/src/ -I$(top_srcdir)/../../src/ViennaRNA -I$(top_srcdir)/../../src    conftest.cpp -fno-strict-aliasing -flto -L$(top_builddir)/../../src/ViennaRNA -lRNA -fopenmp  >&5
/usr/bin/ld: cannot find -lRNA
collect2: error: ld returned 1 exit status
configure:5225: $? = 1
configure: program exited with status 1
configure: failed program was:
| /* confdefs.h */
| #define PACKAGE_NAME "RNAforester"
| #define PACKAGE_TARNAME "RNAforester"
| #define PACKAGE_VERSION "2.0.1"
| #define PACKAGE_STRING "RNAforester 2.0.1"
| #define PACKAGE_BUGREPORT "sschirme@techfak.uni-bielefeld.de"
| #define PACKAGE_URL ""
| #define PACKAGE "RNAforester"
| #define VERSION "2.0.1"
| #define HAVE_LIBRNA /**/
| /* end confdefs.h.  */
| #include <ctype.h>
| #include <stdlib.h>
| #if ((' ' & 0x0FF) == 0x020)
| # define ISLOWER(c) ('a' <= (c) && (c) <= 'z')
| # define TOUPPER(c) (ISLOWER(c) ? 'A' + ((c) - 'a') : (c))
| #else
| # define ISLOWER(c) 		   (('a' <= (c) && (c) <= 'i') 		     || ('j' <= (c) && (c) <= 'r') 		     || ('s' <= (c) && (c) <= 'z'))
| # define TOUPPER(c) (ISLOWER(c) ? ((c) | 0x40) : (c))
| #endif
| 
| #define XOR(e, f) (((e) && !(f)) || (!(e) && (f)))
| int
| main ()
| {
|   int i;
|   for (i = 0; i < 256; i++)
|     if (XOR (islower (i), ISLOWER (i))
| 	|| toupper (i) != TOUPPER (i))
|       return 2;
|   return 0;
| }
configure:5236: result: no
configure:5249: checking for sys/types.h
configure:5249: g++ -c -g -O2 -Ig2-0.72/src/ -I$(top_srcdir)/../../src/ViennaRNA -I$(top_srcdir)/../../src   conftest.cpp >&5
configure:5249: $? = 0
configure:5249: result: yes
configure:5249: checking for sys/stat.h
configure:5249: g++ -c -g -O2 -Ig2-0.72/src/ -I$(top_srcdir)/../../src/ViennaRNA -I$(top_srcdir)/../../src   conftest.cpp >&5
configure:5249: $? = 0
configure:5249: result: yes
configure:5249: checking for stdlib.h
configure:5249: g++ -c -g -O2 -Ig2-0.72/src/ -I$(top_srcdir)/../../src/ViennaRNA -I$(top_srcdir)/../../src   conftest.cpp >&5
configure:5249: $? = 0
configure:5249: result: yes
configure:5249: checking for string.h
configure:5249: g++ -c -g -O2 -Ig2-0.72/src/ -I$(top_srcdir)/../../src/ViennaRNA -I$(top_srcdir)/../../src   conftest.cpp >&5
configure:5249: $? = 0
configure:5249: result: yes
configure:5249: checking for memory.h
configure:5249: g++ -c -g -O2 -Ig2-0.72/src/ -I$(top_srcdir)/../../src/ViennaRNA -I$(top_srcdir)/../../src   conftest.cpp >&5
configure:5249: $? = 0
configure:5249: result: yes
configure:5249: checking for strings.h
configure:5249: g++ -c -g -O2 -Ig2-0.72/src/ -I$(top_srcdir)/../../src/ViennaRNA -I$(top_srcdir)/../../src   conftest.cpp >&5
configure:5249: $? = 0
configure:5249: result: yes
configure:5249: checking for inttypes.h
configure:5249: g++ -c -g -O2 -Ig2-0.72/src/ -I$(top_srcdir)/../../src/ViennaRNA -I$(top_srcdir)/../../src   conftest.cpp >&5
configure:5249: $? = 0
configure:5249: result: yes
configure:5249: checking for stdint.h
configure:5249: g++ -c -g -O2 -Ig2-0.72/src/ -I$(top_srcdir)/../../src/ViennaRNA -I$(top_srcdir)/../../src   conftest.cpp >&5
configure:5249: $? = 0
configure:5249: result: yes
configure:5249: checking for unistd.h
configure:5249: g++ -c -g -O2 -Ig2-0.72/src/ -I$(top_srcdir)/../../src/ViennaRNA -I$(top_srcdir)/../../src   conftest.cpp >&5
configure:5249: $? = 0
configure:5249: result: yes
configure:5261: checking g2.h usability
configure:5261: g++ -c -g -O2 -Ig2-0.72/src/ -I$(top_srcdir)/../../src/ViennaRNA -I$(top_srcdir)/../../src   conftest.cpp >&5
configure:5261: $? = 0
configure:5261: result: yes
configure:5261: checking g2.h presence
configure:5261: g++ -E -Ig2-0.72/src/ -I$(top_srcdir)/../../src/ViennaRNA -I$(top_srcdir)/../../src   conftest.cpp
configure:5261: $? = 0
configure:5261: result: yes
configure:5261: checking for g2.h
configure:5261: result: yes
configure:5273: checking for an ANSI C-conforming const
configure:5339: g++ -c -g -O2 -Ig2-0.72/src/ -I$(top_srcdir)/../../src/ViennaRNA -I$(top_srcdir)/../../src   conftest.cpp >&5
configure:5339: $? = 0
configure:5346: result: yes
configure:5354: checking for inline
configure:5370: g++ -c -g -O2 -Ig2-0.72/src/ -I$(top_srcdir)/../../src/ViennaRNA -I$(top_srcdir)/../../src   conftest.cpp >&5
configure:5370: $? = 0
configure:5378: result: inline
configure:5396: checking for size_t
configure:5396: g++ -c -g -O2 -Ig2-0.72/src/ -I$(top_srcdir)/../../src/ViennaRNA -I$(top_srcdir)/../../src   conftest.cpp >&5
configure:5396: $? = 0
configure:5396: g++ -c -g -O2 -Ig2-0.72/src/ -I$(top_srcdir)/../../src/ViennaRNA -I$(top_srcdir)/../../src   conftest.cpp >&5
conftest.cpp: In function 'int main()':
conftest.cpp:58:20: error: expected primary-expression before ')' token
 if (sizeof ((size_t)))
                    ^
configure:5396: $? = 1
configure: failed program was:
| /* confdefs.h */
| #define PACKAGE_NAME "RNAforester"
| #define PACKAGE_TARNAME "RNAforester"
| #define PACKAGE_VERSION "2.0.1"
| #define PACKAGE_STRING "RNAforester 2.0.1"
| #define PACKAGE_BUGREPORT "sschirme@techfak.uni-bielefeld.de"
| #define PACKAGE_URL ""
| #define PACKAGE "RNAforester"
| #define VERSION "2.0.1"
| #define HAVE_LIBRNA /**/
| #define HAVE_SYS_TYPES_H 1
| #define HAVE_SYS_STAT_H 1
| #define HAVE_STDLIB_H 1
| #define HAVE_STRING_H 1
| #define HAVE_MEMORY_H 1
| #define HAVE_STRINGS_H 1
| #define HAVE_INTTYPES_H 1
| #define HAVE_STDINT_H 1
| #define HAVE_UNISTD_H 1
| #define HAVE_LIBG2 1
| /* end confdefs.h.  */
| #include <stdio.h>
| #ifdef HAVE_SYS_TYPES_H
| # include <sys/types.h>
| #endif
| #ifdef HAVE_SYS_STAT_H
| # include <sys/stat.h>
| #endif
| #ifdef STDC_HEADERS
| # include <stdlib.h>
| # include <stddef.h>
| #else
| # ifdef HAVE_STDLIB_H
| #  include <stdlib.h>
| # endif
| #endif
| #ifdef HAVE_STRING_H
| # if !defined STDC_HEADERS && defined HAVE_MEMORY_H
| #  include <memory.h>
| # endif
| # include <string.h>
| #endif
| #ifdef HAVE_STRINGS_H
| # include <strings.h>
| #endif
| #ifdef HAVE_INTTYPES_H
| # include <inttypes.h>
| #endif
| #ifdef HAVE_STDINT_H
| # include <stdint.h>
| #endif
| #ifdef HAVE_UNISTD_H
| # include <unistd.h>
| #endif
| int
| main ()
| {
| if (sizeof ((size_t)))
| 	    return 0;
|   ;
|   return 0;
| }
configure:5396: result: yes
configure:5535: checking that generated files are newer than configure
configure:5541: result: done
configure:5568: creating ./config.status

## ---------------------- ##
## Running config.status. ##
## ---------------------- ##

This file was extended by RNAforester config.status 2.0.1, which was
generated by GNU Autoconf 2.69.  Invocation command line was

  CONFIG_FILES    = 
  CONFIG_HEADERS  = 
  CONFIG_LINKS    = 
  CONFIG_COMMANDS = 
  $ ./config.status 

on ip-172-31-25-178

config.status:873: creating Makefile
config.status:873: creating src/Makefile
config.status:873: creating man/Makefile
config.status:873: creating config.h
config.status:1054: config.h is unchanged
config.status:1102: executing depfiles commands
configure:6952: === configuring in g2-0.72 (/home/ubuntu/lab5/ViennaRNA-2.4.9/src/RNAforester/g2-0.72)
configure:7015: running /bin/bash ./configure --disable-option-checking '--prefix=/usr/local'  'CC=gcc' 'CXX=g++' 'CFLAGS=-g -O2' 'CXXFLAGS=-g -O2' 'AR=gcc-ar' 'RANLIB=gcc-ranlib' 'NM=gcc-nm' 'VRNA_CFLAGS=-I$(top_srcdir)/../../src/ViennaRNA -I$(top_srcdir)/../../src' 'VRNA_LIBS=-fno-strict-aliasing -flto -L$(top_builddir)/../../src/ViennaRNA -lRNA -fopenmp' --cache-file=/dev/null --srcdir=.

## ---------------- ##
## Cache variables. ##
## ---------------- ##

ac_cv_c_compiler_gnu=yes
ac_cv_c_const=yes
ac_cv_c_inline=inline
ac_cv_cxx_compiler_gnu=yes
ac_cv_env_CCC_set=
ac_cv_env_CCC_value=
ac_cv_env_CC_set=set
ac_cv_env_CC_value=gcc
ac_cv_env_CFLAGS_set=set
ac_cv_env_CFLAGS_value='-g -O2'
ac_cv_env_CPPFLAGS_set=
ac_cv_env_CPPFLAGS_value=
ac_cv_env_CXXCPP_set=
ac_cv_env_CXXCPP_value=
ac_cv_env_CXXFLAGS_set=set
ac_cv_env_CXXFLAGS_value='-g -O2'
ac_cv_env_CXX_set=set
ac_cv_env_CXX_value=g++
ac_cv_env_LDFLAGS_set=
ac_cv_env_LDFLAGS_value=
ac_cv_env_LIBS_set=
ac_cv_env_LIBS_value=
ac_cv_env_PKG_CONFIG_LIBDIR_set=
ac_cv_env_PKG_CONFIG_LIBDIR_value=
ac_cv_env_PKG_CONFIG_PATH_set=
ac_cv_env_PKG_CONFIG_PATH_value=
ac_cv_env_PKG_CONFIG_set=
ac_cv_env_PKG_CONFIG_value=
ac_cv_env_VRNA_CFLAGS_set=set
ac_cv_env_VRNA_CFLAGS_value='-I$(top_srcdir)/../../src/ViennaRNA -I$(top_srcdir)/../../src'
ac_cv_env_VRNA_LIBS_set=set
ac_cv_env_VRNA_LIBS_value='-fno-strict-aliasing -flto -L$(top_builddir)/../../src/ViennaRNA -lRNA -fopenmp'
ac_cv_env_YACC_set=
ac_cv_env_YACC_value=
ac_cv_env_YFLAGS_set=
ac_cv_env_YFLAGS_value=
ac_cv_env_build_alias_set=
ac_cv_env_build_alias_value=
ac_cv_env_host_alias_set=
ac_cv_env_host_alias_value=
ac_cv_env_target_alias_set=
ac_cv_env_target_alias_value=
ac_cv_header_g2_h=yes
ac_cv_header_inttypes_h=yes
ac_cv_header_memory_h=yes
ac_cv_header_stdc=no
ac_cv_header_stdint_h=yes
ac_cv_header_stdlib_h=yes
ac_cv_header_string_h=yes
ac_cv_header_strings_h=yes
ac_cv_header_sys_stat_h=yes
ac_cv_header_sys_types_h=yes
ac_cv_header_unistd_h=yes
ac_cv_objext=o
ac_cv_path_EGREP='/bin/grep -E'
ac_cv_path_GREP=/bin/grep
ac_cv_path_ac_pt_PKG_CONFIG=/usr/bin/pkg-config
ac_cv_path_install='/usr/bin/install -c'
ac_cv_path_mkdir=/bin/mkdir
ac_cv_prog_AWK=gawk
ac_cv_prog_CXXCPP='g++ -E'
ac_cv_prog_ac_ct_CC=gcc
ac_cv_prog_cc_c89=
ac_cv_prog_cc_g=yes
ac_cv_prog_cxx_g=yes
ac_cv_prog_cxx_openmp=-fopenmp
ac_cv_prog_make_make_set=yes
ac_cv_type_size_t=yes
am_cv_CC_dependencies_compiler_type=gcc3
am_cv_CXX_dependencies_compiler_type=gcc3
am_cv_make_support_nested_variables=yes
am_cv_prog_cc_c_o=yes
pkg_cv_VRNA_CFLAGS='-I$(top_srcdir)/../../src/ViennaRNA -I$(top_srcdir)/../../src'
pkg_cv_VRNA_LIBS='-fno-strict-aliasing -flto -L$(top_builddir)/../../src/ViennaRNA -lRNA -fopenmp'

## ----------------- ##
## Output variables. ##
## ----------------- ##

ACLOCAL='${SHELL} /home/ubuntu/lab5/ViennaRNA-2.4.9/missing aclocal-1.15'
AMDEPBACKSLASH='\'
AMDEP_FALSE='#'
AMDEP_TRUE=''
AMTAR='$${TAR-tar}'
AM_BACKSLASH='\'
AM_DEFAULT_V='$(AM_DEFAULT_VERBOSITY)'
AM_DEFAULT_VERBOSITY='0'
AM_V='$(V)'
AUTOCONF='${SHELL} /home/ubuntu/lab5/ViennaRNA-2.4.9/missing autoconf'
AUTOHEADER='${SHELL} /home/ubuntu/lab5/ViennaRNA-2.4.9/missing autoheader'
AUTOMAKE='${SHELL} /home/ubuntu/lab5/ViennaRNA-2.4.9/missing automake-1.15'
AWK='gawk'
CC='gcc'
CCDEPMODE='depmode=gcc3'
CFLAGS='-I$(top_srcdir)/../../src/ViennaRNA -I$(top_srcdir)/../../src  -g -O2'
CPPFLAGS='-I$(top_srcdir)/../../src/ViennaRNA -I$(top_srcdir)/../../src   -I../g2-0.72/include/ '
CXX='g++'
CXXCPP='g++ -E'
CXXDEPMODE='depmode=gcc3'
CXXFLAGS='-g -O2'
CYGPATH_W='echo'
DEFS='-DHAVE_CONFIG_H'
DEPDIR='.deps'
ECHO_C=''
ECHO_N='-n'
ECHO_T=''
EGREP='/bin/grep -E'
EXEEXT=''
GREP='/bin/grep'
INSTALL_DATA='${INSTALL} -m 644'
INSTALL_PROGRAM='${INSTALL}'
INSTALL_SCRIPT='${INSTALL}'
INSTALL_STRIP_PROGRAM='$(install_sh) -c -s'
LDFLAGS='-L../g2-0.72 '
LEX='${SHELL} /home/ubuntu/lab5/ViennaRNA-2.4.9/missing flex'
LEXLIB=''
LEX_OUTPUT_ROOT=''
LIBOBJS=''
LIBS='-lg2 -fno-strict-aliasing -flto -L$(top_builddir)/../../src/ViennaRNA -lRNA -fopenmp '
LTLIBOBJS=''
MAKEINFO='${SHELL} /home/ubuntu/lab5/ViennaRNA-2.4.9/missing makeinfo'
MKDIR_P='/bin/mkdir -p'
OBJEXT='o'
OPENMP_CXXFLAGS='-fopenmp'
PACKAGE='RNAforester'
PACKAGE_BUGREPORT='sschirme@techfak.uni-bielefeld.de'
PACKAGE_NAME='RNAforester'
PACKAGE_STRING='RNAforester 2.0.1'
PACKAGE_TARNAME='RNAforester'
PACKAGE_URL=''
PACKAGE_VERSION='2.0.1'
PATH_SEPARATOR=':'
PKG_CONFIG='/usr/bin/pkg-config'
PKG_CONFIG_LIBDIR=''
PKG_CONFIG_PATH=''
SET_MAKE=''
SHELL='/bin/bash'
STRIP=''
VERSION='2.0.1'
VRNA_CFLAGS='-I$(top_srcdir)/../../src/ViennaRNA -I$(top_srcdir)/../../src'
VRNA_LIBS='-fno-strict-aliasing -flto -L$(top_builddir)/../../src/ViennaRNA -lRNA -fopenmp'
YACC='yacc'
YFLAGS=''
ac_ct_CC='gcc'
ac_ct_CXX=''
am__EXEEXT_FALSE=''
am__EXEEXT_TRUE='#'
am__fastdepCC_FALSE='#'
am__fastdepCC_TRUE=''
am__fastdepCXX_FALSE='#'
am__fastdepCXX_TRUE=''
am__include='include'
am__isrc=''
am__leading_dot='.'
am__nodep='_no'
am__quote=''
am__tar='$${TAR-tar} chof - "$$tardir"'
am__untar='$${TAR-tar} xf -'
bindir='${exec_prefix}/bin'
build_alias=''
datadir='${datarootdir}'
datarootdir='${prefix}/share'
docdir='${datarootdir}/doc/${PACKAGE_TARNAME}'
dvidir='${docdir}'
exec_prefix='${prefix}'
host_alias=''
htmldir='${docdir}'
includedir='${prefix}/include'
infodir='${datarootdir}/info'
install_sh='${SHELL} /home/ubuntu/lab5/ViennaRNA-2.4.9/install-sh'
libdir='${exec_prefix}/lib'
libexecdir='${exec_prefix}/libexec'
localedir='${datarootdir}/locale'
localstatedir='${prefix}/var'
mandir='${datarootdir}/man'
mkdir_p='$(MKDIR_P)'
oldincludedir='/usr/include'
pdfdir='${docdir}'
prefix='/usr/local'
program_transform_name='s,x,x,'
psdir='${docdir}'
sbindir='${exec_prefix}/sbin'
sharedstatedir='${prefix}/com'
subdirs=' g2-0.72'
sysconfdir='${prefix}/etc'
target_alias=''

## ----------- ##
## confdefs.h. ##
## ----------- ##

/* confdefs.h */
#define PACKAGE_NAME "RNAforester"
#define PACKAGE_TARNAME "RNAforester"
#define PACKAGE_VERSION "2.0.1"
#define PACKAGE_STRING "RNAforester 2.0.1"
#define PACKAGE_BUGREPORT "sschirme@techfak.uni-bielefeld.de"
#define PACKAGE_URL ""
#define PACKAGE "RNAforester"
#define VERSION "2.0.1"
#define HAVE_LIBRNA /**/
#define HAVE_SYS_TYPES_H 1
#define HAVE_SYS_STAT_H 1
#define HAVE_STDLIB_H 1
#define HAVE_STRING_H 1
#define HAVE_MEMORY_H 1
#define HAVE_STRINGS_H 1
#define HAVE_INTTYPES_H 1
#define HAVE_STDINT_H 1
#define HAVE_UNISTD_H 1
#define HAVE_LIBG2 1

configure: exit 0
