This file contains any messages produced by compilers while
running configure, to aid debugging if configure makes a mistake.

It was created by kinfold configure 1.3, which was
generated by GNU Autoconf 2.69.  Invocation command line was

  $ ./configure --disable-option-checking --prefix=/usr/local CC=gcc CXX=g++ CFLAGS=-g -O2 CXXFLAGS=-g -O2 AR=gcc-ar RANLIB=gcc-ranlib NM=gcc-nm VRNA_CFLAGS=-I$(top_srcdir)/../../src/ViennaRNA -I$(top_srcdir)/../../src VRNA_LIBS=-fno-strict-aliasing -flto -L$(top_builddir)/../../src/ViennaRNA -lRNA -fopenmp --cache-file=/dev/null --srcdir=.

## --------- ##
## Platform. ##
## --------- ##

hostname = ip-172-31-25-178
uname -m = x86_64
uname -r = 4.4.0-1066-aws
uname -s = Linux
uname -v = #76-Ubuntu SMP Thu Aug 16 16:21:21 UTC 2018

/usr/bin/uname -p = unknown
/bin/uname -X     = unknown

/bin/arch              = unknown
/usr/bin/arch -k       = unknown
/usr/convex/getsysinfo = unknown
/usr/bin/hostinfo      = unknown
/bin/machine           = unknown
/usr/bin/oslevel       = unknown
/bin/universe          = unknown

PATH: /home/ubuntu/bin
PATH: /home/ubuntu/.local/bin
PATH: /usr/local/sbin
PATH: /usr/local/bin
PATH: /usr/sbin
PATH: /usr/bin
PATH: /sbin
PATH: /bin
PATH: /usr/games
PATH: /usr/local/games
PATH: /snap/bin


## ----------- ##
## Core tests. ##
## ----------- ##

configure:2203: checking whether make supports nested variables
configure:2220: result: yes
configure:2276: checking for a BSD-compatible install
configure:2344: result: /usr/bin/install -c
configure:2355: checking whether build environment is sane
configure:2410: result: yes
configure:2561: checking for a thread-safe mkdir -p
configure:2600: result: /bin/mkdir -p
configure:2607: checking for gawk
configure:2623: found /usr/bin/gawk
configure:2634: result: gawk
configure:2645: checking whether make sets $(MAKE)
configure:2667: result: yes
configure:2801: checking if malloc debugging is wanted
configure:2819: result: no
configure:2873: checking for gcc
configure:2900: result: gcc
configure:3129: checking for C compiler version
configure:3138: gcc --version >&5
gcc (Ubuntu 5.4.0-6ubuntu1~16.04.10) 5.4.0 20160609
Copyright (C) 2015 Free Software Foundation, Inc.
This is free software; see the source for copying conditions.  There is NO
warranty; not even for MERCHANTABILITY or FITNESS FOR A PARTICULAR PURPOSE.

configure:3149: $? = 0
configure:3138: gcc -v >&5
Using built-in specs.
COLLECT_GCC=gcc
COLLECT_LTO_WRAPPER=/usr/lib/gcc/x86_64-linux-gnu/5/lto-wrapper
Target: x86_64-linux-gnu
Configured with: ../src/configure -v --with-pkgversion='Ubuntu 5.4.0-6ubuntu1~16.04.10' --with-bugurl=file:///usr/share/doc/gcc-5/README.Bugs --enable-languages=c,ada,c++,java,go,d,fortran,objc,obj-c++ --prefix=/usr --program-suffix=-5 --enable-shared --enable-linker-build-id --libexecdir=/usr/lib --without-included-gettext --enable-threads=posix --libdir=/usr/lib --enable-nls --with-sysroot=/ --enable-clocale=gnu --enable-libstdcxx-debug --enable-libstdcxx-time=yes --with-default-libstdcxx-abi=new --enable-gnu-unique-object --disable-vtable-verify --enable-libmpx --enable-plugin --with-system-zlib --disable-browser-plugin --enable-java-awt=gtk --enable-gtk-cairo --with-java-home=/usr/lib/jvm/java-1.5.0-gcj-5-amd64/jre --enable-java-home --with-jvm-root-dir=/usr/lib/jvm/java-1.5.0-gcj-5-amd64 --with-jvm-jar-dir=/usr/lib/jvm-exports/java-1.5.0-gcj-5-amd64 --with-arch-directory=amd64 --with-ecj-jar=/usr/share/java/eclipse-ecj.jar --enable-objc-gc --enable-multiarch --disable-werror --with-arch-32=i686 --with-abi=m64 --with-multilib-list=m32,m64,mx32 --enable-multilib --with-tune=generic --enable-checking=release --build=x86_64-linux-gnu --host=x86_64-linux-gnu --target=x86_64-linux-gnu
Thread model: posix
gcc version 5.4.0 20160609 (Ubuntu 5.4.0-6ubuntu1~16.04.10) 
configure:3149: $? = 0
configure:3138: gcc -V >&5
gcc: error: unrecognized command line option '-V'
gcc: fatal error: no input files
compilation terminated.
configure:3149: $? = 1
configure:3138: gcc -qversion >&5
gcc: error: unrecognized command line option '-qversion'
gcc: fatal error: no input files
compilation terminated.
configure:3149: $? = 1
configure:3169: checking whether the C compiler works
configure:3191: gcc -g -O2   conftest.c  >&5
configure:3195: $? = 0
configure:3243: result: yes
configure:3246: checking for C compiler default output file name
configure:3248: result: a.out
configure:3254: checking for suffix of executables
configure:3261: gcc -o conftest -g -O2   conftest.c  >&5
configure:3265: $? = 0
configure:3287: result: 
configure:3309: checking whether we are cross compiling
configure:3317: gcc -o conftest -g -O2   conftest.c  >&5
configure:3321: $? = 0
configure:3328: ./conftest
configure:3332: $? = 0
configure:3347: result: no
configure:3352: checking for suffix of object files
configure:3374: gcc -c -g -O2  conftest.c >&5
configure:3378: $? = 0
configure:3399: result: o
configure:3403: checking whether we are using the GNU C compiler
configure:3422: gcc -c -g -O2  conftest.c >&5
configure:3422: $? = 0
configure:3431: result: yes
configure:3440: checking whether gcc accepts -g
configure:3460: gcc -c -g  conftest.c >&5
configure:3460: $? = 0
configure:3501: result: yes
configure:3518: checking for gcc option to accept ISO C89
configure:3581: gcc  -c -g -O2  conftest.c >&5
configure:3581: $? = 0
configure:3594: result: none needed
configure:3619: checking whether gcc understands -c and -o together
configure:3641: gcc -c conftest.c -o conftest2.o
configure:3644: $? = 0
configure:3641: gcc -c conftest.c -o conftest2.o
configure:3644: $? = 0
configure:3656: result: yes
configure:3684: checking for style of include used by make
configure:3712: result: GNU
configure:3738: checking dependency style of gcc
configure:3849: result: gcc3
configure:3877: checking build system type
configure:3891: result: x86_64-unknown-linux-gnu
configure:3911: checking host system type
configure:3924: result: x86_64-unknown-linux-gnu
configure:3949: checking for strdup
configure:3949: gcc -o conftest -g -O2   conftest.c  >&5
conftest.c:34:6: warning: conflicting types for built-in function 'strdup'
 char strdup ();
      ^
configure:3949: $? = 0
configure:3949: result: yes
configure:3949: checking for memset
configure:3949: gcc -o conftest -g -O2   conftest.c  >&5
conftest.c:35:6: warning: conflicting types for built-in function 'memset'
 char memset ();
      ^
configure:3949: $? = 0
configure:3949: result: yes
configure:3949: checking for strchr
configure:3949: gcc -o conftest -g -O2   conftest.c  >&5
conftest.c:36:6: warning: conflicting types for built-in function 'strchr'
 char strchr ();
      ^
configure:3949: $? = 0
configure:3949: result: yes
configure:4013: checking for pkg-config
configure:4031: found /usr/bin/pkg-config
configure:4043: result: /usr/bin/pkg-config
configure:4068: checking pkg-config is at least version 0.9.0
configure:4071: result: yes
configure:4099: checking for VRNA
configure:4344: result: yes
configure:4396: checking how to run the C preprocessor
configure:4427: gcc -E  conftest.c
configure:4427: $? = 0
configure:4441: gcc -E  conftest.c
conftest.c:15:28: fatal error: ac_nonexistent.h: No such file or directory
compilation terminated.
configure:4441: $? = 1
configure: failed program was:
| /* confdefs.h */
| #define PACKAGE_NAME "kinfold"
| #define PACKAGE_TARNAME "Kinfold"
| #define PACKAGE_VERSION "1.3"
| #define PACKAGE_STRING "kinfold 1.3"
| #define PACKAGE_BUGREPORT "rna@tbi.univie.ac.at"
| #define PACKAGE_URL ""
| #define PACKAGE "Kinfold"
| #define VERSION "1.3"
| #define HAVE_STRDUP 1
| #define HAVE_MEMSET 1
| #define HAVE_STRCHR 1
| #define HAVE_LIBRNA_API3 1
| /* end confdefs.h.  */
| #include <ac_nonexistent.h>
configure:4466: result: gcc -E
configure:4486: gcc -E  conftest.c
configure:4486: $? = 0
configure:4500: gcc -E  conftest.c
conftest.c:15:28: fatal error: ac_nonexistent.h: No such file or directory
compilation terminated.
configure:4500: $? = 1
configure: failed program was:
| /* confdefs.h */
| #define PACKAGE_NAME "kinfold"
| #define PACKAGE_TARNAME "Kinfold"
| #define PACKAGE_VERSION "1.3"
| #define PACKAGE_STRING "kinfold 1.3"
| #define PACKAGE_BUGREPORT "rna@tbi.univie.ac.at"
| #define PACKAGE_URL ""
| #define PACKAGE "Kinfold"
| #define VERSION "1.3"
| #define HAVE_STRDUP 1
| #define HAVE_MEMSET 1
| #define HAVE_STRCHR 1
| #define HAVE_LIBRNA_API3 1
| /* end confdefs.h.  */
| #include <ac_nonexistent.h>
configure:4529: checking for grep that handles long lines and -e
configure:4587: result: /bin/grep
configure:4592: checking for egrep
configure:4654: result: /bin/grep -E
configure:4659: checking for ANSI C header files
configure:4679: gcc -c -g -O2  conftest.c >&5
configure:4679: $? = 0
configure:4752: gcc -o conftest -g -O2   conftest.c  >&5
configure:4752: $? = 0
configure:4752: ./conftest
configure:4752: $? = 0
configure:4763: result: yes
configure:4776: checking for sys/types.h
configure:4776: gcc -c -g -O2  conftest.c >&5
configure:4776: $? = 0
configure:4776: result: yes
configure:4776: checking for sys/stat.h
configure:4776: gcc -c -g -O2  conftest.c >&5
configure:4776: $? = 0
configure:4776: result: yes
configure:4776: checking for stdlib.h
configure:4776: gcc -c -g -O2  conftest.c >&5
configure:4776: $? = 0
configure:4776: result: yes
configure:4776: checking for string.h
configure:4776: gcc -c -g -O2  conftest.c >&5
configure:4776: $? = 0
configure:4776: result: yes
configure:4776: checking for memory.h
configure:4776: gcc -c -g -O2  conftest.c >&5
configure:4776: $? = 0
configure:4776: result: yes
configure:4776: checking for strings.h
configure:4776: gcc -c -g -O2  conftest.c >&5
configure:4776: $? = 0
configure:4776: result: yes
configure:4776: checking for inttypes.h
configure:4776: gcc -c -g -O2  conftest.c >&5
configure:4776: $? = 0
configure:4776: result: yes
configure:4776: checking for stdint.h
configure:4776: gcc -c -g -O2  conftest.c >&5
configure:4776: $? = 0
configure:4776: result: yes
configure:4776: checking for unistd.h
configure:4776: gcc -c -g -O2  conftest.c >&5
configure:4776: $? = 0
configure:4776: result: yes
configure:4791: checking for stdlib.h
configure:4791: result: yes
configure:4791: checking for string.h
configure:4791: result: yes
configure:4791: checking for strings.h
configure:4791: result: yes
configure:4791: checking for unistd.h
configure:4791: result: yes
configure:4802: checking for exp in -lm
configure:4827: gcc -o conftest -g -O2   conftest.c -lm   >&5
conftest.c:36:6: warning: conflicting types for built-in function 'exp'
 char exp ();
      ^
configure:4827: $? = 0
configure:4836: result: yes
configure:4848: checking for an ANSI C-conforming const
configure:4914: gcc -c -g -O2  conftest.c >&5
configure:4914: $? = 0
configure:4921: result: yes
configure:5042: checking that generated files are newer than configure
configure:5048: result: done
configure:5079: creating ./config.status

## ---------------------- ##
## Running config.status. ##
## ---------------------- ##

This file was extended by kinfold config.status 1.3, which was
generated by GNU Autoconf 2.69.  Invocation command line was

  CONFIG_FILES    = 
  CONFIG_HEADERS  = 
  CONFIG_LINKS    = 
  CONFIG_COMMANDS = 
  $ ./config.status 

on ip-172-31-25-178

config.status:882: creating Example/Makefile
config.status:882: creating Makefile
config.status:882: creating config.h
config.status:1063: config.h is unchanged
config.status:1111: executing depfiles commands

## ---------------- ##
## Cache variables. ##
## ---------------- ##

ac_cv_build=x86_64-unknown-linux-gnu
ac_cv_c_compiler_gnu=yes
ac_cv_c_const=yes
ac_cv_env_CC_set=set
ac_cv_env_CC_value=gcc
ac_cv_env_CFLAGS_set=set
ac_cv_env_CFLAGS_value='-g -O2'
ac_cv_env_CPPFLAGS_set=
ac_cv_env_CPPFLAGS_value=
ac_cv_env_CPP_set=
ac_cv_env_CPP_value=
ac_cv_env_LDFLAGS_set=
ac_cv_env_LDFLAGS_value=
ac_cv_env_LIBS_set=
ac_cv_env_LIBS_value=
ac_cv_env_PKG_CONFIG_LIBDIR_set=
ac_cv_env_PKG_CONFIG_LIBDIR_value=
ac_cv_env_PKG_CONFIG_PATH_set=
ac_cv_env_PKG_CONFIG_PATH_value=
ac_cv_env_PKG_CONFIG_set=
ac_cv_env_PKG_CONFIG_value=
ac_cv_env_VRNA2_CFLAGS_set=
ac_cv_env_VRNA2_CFLAGS_value=
ac_cv_env_VRNA2_LIBS_set=
ac_cv_env_VRNA2_LIBS_value=
ac_cv_env_VRNA_CFLAGS_set=set
ac_cv_env_VRNA_CFLAGS_value='-I$(top_srcdir)/../../src/ViennaRNA -I$(top_srcdir)/../../src'
ac_cv_env_VRNA_LIBS_set=set
ac_cv_env_VRNA_LIBS_value='-fno-strict-aliasing -flto -L$(top_builddir)/../../src/ViennaRNA -lRNA -fopenmp'
ac_cv_env_build_alias_set=
ac_cv_env_build_alias_value=
ac_cv_env_host_alias_set=
ac_cv_env_host_alias_value=
ac_cv_env_target_alias_set=
ac_cv_env_target_alias_value=
ac_cv_func_memset=yes
ac_cv_func_strchr=yes
ac_cv_func_strdup=yes
ac_cv_header_inttypes_h=yes
ac_cv_header_memory_h=yes
ac_cv_header_stdc=yes
ac_cv_header_stdint_h=yes
ac_cv_header_stdlib_h=yes
ac_cv_header_string_h=yes
ac_cv_header_strings_h=yes
ac_cv_header_sys_stat_h=yes
ac_cv_header_sys_types_h=yes
ac_cv_header_unistd_h=yes
ac_cv_host=x86_64-unknown-linux-gnu
ac_cv_lib_m_exp=yes
ac_cv_objext=o
ac_cv_path_EGREP='/bin/grep -E'
ac_cv_path_GREP=/bin/grep
ac_cv_path_ac_pt_PKG_CONFIG=/usr/bin/pkg-config
ac_cv_path_install='/usr/bin/install -c'
ac_cv_path_mkdir=/bin/mkdir
ac_cv_prog_AWK=gawk
ac_cv_prog_CPP='gcc -E'
ac_cv_prog_ac_ct_CC=gcc
ac_cv_prog_cc_c89=
ac_cv_prog_cc_g=yes
ac_cv_prog_make_make_set=yes
am_cv_CC_dependencies_compiler_type=gcc3
am_cv_make_support_nested_variables=yes
am_cv_prog_cc_c_o=yes
pkg_cv_VRNA_CFLAGS='-I$(top_srcdir)/../../src/ViennaRNA -I$(top_srcdir)/../../src'
pkg_cv_VRNA_LIBS='-fno-strict-aliasing -flto -L$(top_builddir)/../../src/ViennaRNA -lRNA -fopenmp'

## ----------------- ##
## Output variables. ##
## ----------------- ##

ACLOCAL='${SHELL} /home/ubuntu/lab5/ViennaRNA-2.4.9/missing aclocal-1.15'
AMDEPBACKSLASH='\'
AMDEP_FALSE='#'
AMDEP_TRUE=''
AMTAR='$${TAR-tar}'
AM_BACKSLASH='\'
AM_DEFAULT_V='$(AM_DEFAULT_VERBOSITY)'
AM_DEFAULT_VERBOSITY='0'
AM_V='$(V)'
AUTOCONF='${SHELL} /home/ubuntu/lab5/ViennaRNA-2.4.9/missing autoconf'
AUTOHEADER='${SHELL} /home/ubuntu/lab5/ViennaRNA-2.4.9/missing autoheader'
AUTOMAKE='${SHELL} /home/ubuntu/lab5/ViennaRNA-2.4.9/missing automake-1.15'
AWK='gawk'
CC='gcc'
CCDEPMODE='depmode=gcc3'
CFLAGS='-g -O2'
CPP='gcc -E'
CPPFLAGS=''
CYGPATH_W='echo'
DEFS='-DHAVE_CONFIG_H'
DEPDIR='.deps'
ECHO_C=''
ECHO_N='-n'
ECHO_T=''
EGREP='/bin/grep -E'
EXEEXT=''
GREP='/bin/grep'
INSTALL_DATA='${INSTALL} -m 644'
INSTALL_PROGRAM='${INSTALL}'
INSTALL_SCRIPT='${INSTALL}'
INSTALL_STRIP_PROGRAM='$(install_sh) -c -s'
ISODATE='2018-09-20'
LDFLAGS=''
LIBOBJS=''
LIBS='-lm '
LTLIBOBJS=''
MAKEINFO='${SHELL} /home/ubuntu/lab5/ViennaRNA-2.4.9/missing makeinfo'
MKDIR_P='/bin/mkdir -p'
OBJEXT='o'
PACKAGE='Kinfold'
PACKAGE_BUGREPORT='rna@tbi.univie.ac.at'
PACKAGE_NAME='kinfold'
PACKAGE_STRING='kinfold 1.3'
PACKAGE_TARNAME='Kinfold'
PACKAGE_URL=''
PACKAGE_VERSION='1.3'
PATH_SEPARATOR=':'
PKG_CONFIG='/usr/bin/pkg-config'
PKG_CONFIG_LIBDIR=''
PKG_CONFIG_PATH=''
SET_MAKE=''
SHELL='/bin/bash'
STRIP=''
VERSION='1.3'
VRNA2_CFLAGS=''
VRNA2_LIBS=''
VRNA_CFLAGS='-I$(top_srcdir)/../../src/ViennaRNA -I$(top_srcdir)/../../src'
VRNA_LIBS='-fno-strict-aliasing -flto -L$(top_builddir)/../../src/ViennaRNA -lRNA -fopenmp'
WITH_LIBRNA_API2_FALSE=''
WITH_LIBRNA_API2_TRUE='#'
WITH_LIBRNA_API3_FALSE='#'
WITH_LIBRNA_API3_TRUE=''
ac_ct_CC='gcc'
am__EXEEXT_FALSE=''
am__EXEEXT_TRUE='#'
am__fastdepCC_FALSE='#'
am__fastdepCC_TRUE=''
am__include='include'
am__isrc=''
am__leading_dot='.'
am__nodep='_no'
am__quote=''
am__tar='$${TAR-tar} chof - "$$tardir"'
am__untar='$${TAR-tar} xf -'
bindir='${exec_prefix}/bin'
build='x86_64-unknown-linux-gnu'
build_alias=''
build_cpu='x86_64'
build_os='linux-gnu'
build_vendor='unknown'
datadir='${datarootdir}'
datarootdir='${prefix}/share'
docdir='${datarootdir}/doc/${PACKAGE_TARNAME}'
dvidir='${docdir}'
exec_prefix='${prefix}'
host='x86_64-unknown-linux-gnu'
host_alias=''
host_cpu='x86_64'
host_os='linux-gnu'
host_vendor='unknown'
htmldir='${docdir}'
includedir='${prefix}/include'
infodir='${datarootdir}/info'
install_sh='${SHELL} /home/ubuntu/lab5/ViennaRNA-2.4.9/install-sh'
libdir='${exec_prefix}/lib'
libexecdir='${exec_prefix}/libexec'
localedir='${datarootdir}/locale'
localstatedir='${prefix}/var'
mandir='${datarootdir}/man'
mkdir_p='$(MKDIR_P)'
oldincludedir='/usr/include'
pdfdir='${docdir}'
prefix='/usr/local'
program_transform_name='s,x,x,'
psdir='${docdir}'
sbindir='${exec_prefix}/sbin'
sharedstatedir='${prefix}/com'
sysconfdir='${prefix}/etc'
target_alias=''

## ----------- ##
## confdefs.h. ##
## ----------- ##

/* confdefs.h */
#define PACKAGE_NAME "kinfold"
#define PACKAGE_TARNAME "Kinfold"
#define PACKAGE_VERSION "1.3"
#define PACKAGE_STRING "kinfold 1.3"
#define PACKAGE_BUGREPORT "rna@tbi.univie.ac.at"
#define PACKAGE_URL ""
#define PACKAGE "Kinfold"
#define VERSION "1.3"
#define HAVE_STRDUP 1
#define HAVE_MEMSET 1
#define HAVE_STRCHR 1
#define HAVE_LIBRNA_API3 1
#define STDC_HEADERS 1
#define HAVE_SYS_TYPES_H 1
#define HAVE_SYS_STAT_H 1
#define HAVE_STDLIB_H 1
#define HAVE_STRING_H 1
#define HAVE_MEMORY_H 1
#define HAVE_STRINGS_H 1
#define HAVE_INTTYPES_H 1
#define HAVE_STDINT_H 1
#define HAVE_UNISTD_H 1
#define HAVE_STDLIB_H 1
#define HAVE_STRING_H 1
#define HAVE_STRINGS_H 1
#define HAVE_UNISTD_H 1
#define HAVE_LIBM 1

configure: exit 0
